{"meta": {"version": "5.5", "timestamp": "2021-05-05T08:11:22.414212", "branch_coverage": false, "show_contexts": false}, "files": {"C:\\Users\\hp\\PycharmProjects\\python_django_restframework\\venv\\Lib\\site-packages\\asgiref\\__init__.py": {"executed_lines": [1], "summary": {"covered_lines": 1, "num_statements": 1, "percent_covered": 100.0, "missing_lines": 0, "excluded_lines": 0}, "missing_lines": [], "excluded_lines": []}, "C:\\Users\\hp\\PycharmProjects\\python_django_restframework\\venv\\Lib\\site-packages\\asgiref\\current_thread_executor.py": {"executed_lines": [1, 2, 3, 6, 7, 12, 18, 31, 32, 38, 43, 67], "summary": {"covered_lines": 10, "num_statements": 43, "percent_covered": 23.25581395348837, "missing_lines": 33, "excluded_lines": 0}, "missing_lines": [13, 14, 15, 16, 19, 20, 21, 22, 23, 24, 26, 28, 39, 40, 41, 49, 50, 53, 56, 59, 60, 61, 62, 63, 65, 69, 70, 74, 75, 77, 78, 79, 81], "excluded_lines": []}, "C:\\Users\\hp\\PycharmProjects\\python_django_restframework\\venv\\Lib\\site-packages\\asgiref\\local.py": {"executed_lines": [1, 2, 3, 4, 5, 8, 9, 33, 35, 36, 37, 38, 41, 46, 51, 54, 55, 57, 58, 59, 61, 62, 64, 65, 66, 72, 74, 75, 80, 82, 83, 84, 85, 86, 87, 89, 101, 102, 103, 104, 105, 107, 109, 110, 111, 112, 113, 114, 116], "summary": {"covered_lines": 48, "num_statements": 65, "percent_covered": 73.84615384615384, "missing_lines": 17, "excluded_lines": 0}, "missing_lines": [68, 69, 73, 79, 90, 91, 92, 93, 94, 95, 96, 99, 117, 118, 119, 120, 122], "excluded_lines": []}, "C:\\Users\\hp\\PycharmProjects\\python_django_restframework\\venv\\Lib\\site-packages\\asgiref\\sync.py": {"executed_lines": [1, 2, 3, 4, 5, 6, 7, 8, 9, 10, 12, 13, 15, 16, 21, 32, 47, 48, 69, 72, 74, 82, 100, 101, 114, 118, 120, 151, 224, 259, 266, 299, 300, 322, 329, 332, 335, 339, 340, 348, 352, 372, 430, 436, 469, 470, 476, 477, 479, 483, 484, 488, 491], "summary": {"covered_lines": 50, "num_statements": 230, "percent_covered": 21.73913043478261, "missing_lines": 180, "excluded_lines": 0}, "missing_lines": [18, 24, 25, 26, 27, 28, 29, 36, 37, 39, 40, 41, 42, 44, 70, 75, 76, 77, 78, 80, 83, 84, 86, 87, 88, 89, 93, 94, 96, 97, 121, 124, 125, 126, 127, 128, 129, 130, 132, 134, 135, 136, 139, 144, 145, 149, 153, 154, 155, 156, 158, 159, 164, 167, 169, 172, 174, 178, 179, 181, 182, 183, 187, 188, 192, 194, 195, 196, 199, 201, 203, 206, 209, 211, 214, 215, 216, 217, 218, 219, 222, 228, 229, 230, 232, 235, 236, 238, 239, 240, 241, 242, 243, 244, 245, 246, 253, 254, 256, 257, 263, 264, 273, 274, 276, 277, 278, 281, 282, 283, 284, 285, 287, 288, 289, 291, 293, 295, 296, 323, 324, 344, 358, 359, 360, 361, 362, 363, 364, 365, 366, 367, 368, 369, 370, 373, 376, 377, 379, 380, 385, 387, 389, 392, 393, 396, 399, 401, 402, 403, 404, 405, 406, 408, 411, 423, 425, 426, 428, 434, 441, 442, 444, 445, 448, 450, 451, 453, 456, 457, 458, 459, 460, 462, 466, 467, 482, 496, 497, 502], "excluded_lines": []}, "C:\\Users\\hp\\PycharmProjects\\python_django_restframework\\venv\\Lib\\site-packages\\django\\__init__.py": {"executed_lines": [1, 3, 5, 8, 14, 15, 16, 17, 19, 20, 21, 24], "summary": {"covered_lines": 12, "num_statements": 12, "percent_covered": 100.0, "missing_lines": 0, "excluded_lines": 0}, "missing_lines": [], "excluded_lines": []}, "C:\\Users\\hp\\PycharmProjects\\python_django_restframework\\venv\\Lib\\site-packages\\django\\apps\\__init__.py": {"executed_lines": [1, 2, 4], "summary": {"covered_lines": 3, "num_statements": 3, "percent_covered": 100.0, "missing_lines": 0, "excluded_lines": 0}, "missing_lines": [], "excluded_lines": []}, "C:\\Users\\hp\\PycharmProjects\\python_django_restframework\\venv\\Lib\\site-packages\\django\\apps\\config.py": {"executed_lines": [1, 2, 3, 4, 6, 7, 8, 9, 11, 12, 15, 16, 18, 20, 24, 28, 35, 36, 37, 43, 44, 48, 49, 54, 58, 60, 63, 64, 68, 69, 70, 72, 78, 79, 87, 92, 97, 99, 100, 105, 106, 107, 108, 111, 112, 122, 123, 124, 127, 136, 137, 138, 142, 147, 153, 154, 155, 161, 162, 163, 165, 194, 201, 228, 234, 235, 236, 243, 244, 255, 257, 263, 264, 266, 267, 268, 273, 286, 287, 288, 289, 290, 292, 294, 297, 299, 300, 301, 303, 304], "summary": {"covered_lines": 88, "num_statements": 132, "percent_covered": 66.66666666666667, "missing_lines": 44, "excluded_lines": 0}, "missing_lines": [38, 61, 65, 66, 80, 81, 82, 86, 88, 93, 113, 114, 148, 149, 166, 167, 169, 172, 173, 178, 189, 190, 191, 195, 196, 197, 198, 205, 206, 212, 213, 218, 219, 220, 221, 224, 229, 237, 238, 245, 246, 269, 270, 291], "excluded_lines": []}, "C:\\Users\\hp\\PycharmProjects\\python_django_restframework\\venv\\Lib\\site-packages\\django\\apps\\registry.py": {"executed_lines": [1, 2, 3, 4, 5, 6, 8, 10, 13, 14, 20, 24, 34, 37, 41, 44, 46, 49, 50, 55, 58, 61, 69, 74, 75, 80, 84, 87, 88, 91, 92, 97, 98, 101, 103, 105, 110, 113, 114, 116, 118, 121, 122, 124, 125, 127, 129, 138, 140, 143, 145, 146, 148, 154, 155, 156, 166, 167, 179, 181, 182, 183, 184, 186, 198, 199, 201, 203, 204, 206, 208, 211, 213, 217, 218, 219, 231, 232, 233, 235, 241, 242, 244, 253, 254, 255, 256, 257, 258, 259, 260, 261, 263, 271, 272, 273, 275, 277, 278, 299, 327, 332, 357, 363, 371, 372, 379, 389, 390, 397, 402, 403, 404, 405, 411, 412, 413, 414, 416, 418, 423, 424, 425, 428], "summary": {"covered_lines": 123, "num_statements": 175, "percent_covered": 70.28571428571429, "missing_lines": 52, "excluded_lines": 0}, "missing_lines": [25, 59, 70, 76, 83, 89, 93, 106, 130, 135, 136, 141, 157, 158, 159, 160, 161, 162, 163, 209, 220, 222, 228, 289, 290, 292, 293, 295, 296, 297, 311, 312, 313, 314, 319, 320, 325, 329, 330, 349, 350, 351, 352, 353, 354, 355, 359, 360, 361, 375, 376, 377], "excluded_lines": []}, "C:\\Users\\hp\\PycharmProjects\\python_django_restframework\\venv\\Lib\\site-packages\\django\\conf\\__init__.py": {"executed_lines": [1, 9, 10, 11, 12, 13, 14, 16, 17, 18, 19, 20, 22, 24, 29, 36, 37, 41, 44, 48, 49, 54, 60, 61, 69, 71, 79, 81, 82, 83, 87, 88, 89, 92, 93, 95, 100, 101, 103, 104, 106, 111, 126, 127, 135, 136, 137, 138, 140, 141, 143, 145, 146, 160, 161, 163, 164, 165, 168, 170, 172, 177, 178, 179, 180, 182, 185, 186, 188, 197, 200, 212, 213, 215, 222, 223, 226, 228, 236, 241, 250, 255, 261, 267, 273], "summary": {"covered_lines": 81, "num_statements": 138, "percent_covered": 58.69565217391305, "missing_lines": 57, "excluded_lines": 0}, "missing_lines": [42, 45, 62, 63, 73, 74, 75, 90, 108, 109, 117, 118, 119, 120, 121, 122, 123, 124, 147, 150, 151, 152, 157, 184, 189, 190, 194, 195, 198, 203, 204, 205, 206, 209, 210, 216, 233, 234, 237, 238, 239, 242, 243, 244, 245, 246, 247, 248, 251, 252, 253, 256, 262, 263, 264, 265, 268], "excluded_lines": []}, "C:\\Users\\hp\\PycharmProjects\\python_django_restframework\\venv\\Lib\\site-packages\\django\\conf\\global_settings.py": {"executed_lines": [1, 9, 10, 17, 22, 26, 31, 35, 41, 44, 48, 51, 151, 155, 156, 159, 160, 161, 162, 163, 164, 165, 170, 174, 178, 181, 184, 187, 193, 196, 199, 202, 205, 206, 207, 208, 209, 210, 211, 214, 216, 219, 223, 227, 230, 233, 236, 248, 250, 262, 267, 270, 274, 278, 282, 286, 289, 296, 300, 304, 309, 313, 318, 324, 328, 332, 336, 341, 346, 350, 355, 361, 373, 384, 398, 401, 404, 408, 411, 414, 415, 418, 421, 423, 424, 431, 440, 446, 455, 462, 464, 466, 468, 470, 472, 474, 477, 479, 481, 483, 486, 488, 495, 500, 501, 502, 508, 510, 512, 514, 516, 519, 522, 527, 534, 540, 548, 551, 552, 553, 554, 555, 556, 557, 558, 559, 560, 567, 577, 580, 584, 588, 595, 599, 606, 613, 616, 620, 631, 641, 646, 647, 648, 649, 650, 651, 652, 653, 654], "summary": {"covered_lines": 148, "num_statements": 148, "percent_covered": 100.0, "missing_lines": 0, "excluded_lines": 0}, "missing_lines": [], "excluded_lines": []}, "C:\\Users\\hp\\PycharmProjects\\python_django_restframework\\venv\\Lib\\site-packages\\django\\conf\\locale\\__init__.py": {"executed_lines": [1, 10], "summary": {"covered_lines": 1, "num_statements": 1, "percent_covered": 100.0, "missing_lines": 0, "excluded_lines": 0}, "missing_lines": [], "excluded_lines": []}, "C:\\Users\\hp\\PycharmProjects\\python_django_restframework\\venv\\Lib\\site-packages\\django\\conf\\urls\\__init__.py": {"executed_lines": [1, 3, 4, 5, 7, 9, 10, 11, 12, 15], "summary": {"covered_lines": 10, "num_statements": 12, "percent_covered": 83.33333333333333, "missing_lines": 2, "excluded_lines": 0}, "missing_lines": [16, 22], "excluded_lines": []}, "C:\\Users\\hp\\PycharmProjects\\python_django_restframework\\venv\\Lib\\site-packages\\django\\contrib\\__init__.py": {"executed_lines": [1], "summary": {"covered_lines": 0, "num_statements": 0, "percent_covered": 100.0, "missing_lines": 0, "excluded_lines": 0}, "missing_lines": [], "excluded_lines": []}, "C:\\Users\\hp\\PycharmProjects\\python_django_restframework\\venv\\Lib\\site-packages\\django\\contrib\\admin\\__init__.py": {"executed_lines": [1, 2, 7, 10, 11, 13, 23, 24], "summary": {"covered_lines": 8, "num_statements": 8, "percent_covered": 100.0, "missing_lines": 0, "excluded_lines": 0}, "missing_lines": [], "excluded_lines": []}, "C:\\Users\\hp\\PycharmProjects\\python_django_restframework\\venv\\Lib\\site-packages\\django\\contrib\\admin\\actions.py": {"executed_lines": [1, 5, 6, 7, 8, 9, 10, 11, 14, 18], "summary": {"covered_lines": 9, "num_statements": 30, "percent_covered": 30.0, "missing_lines": 21, "excluded_lines": 0}, "missing_lines": [28, 29, 33, 37, 38, 39, 40, 41, 42, 43, 44, 45, 46, 50, 52, 54, 55, 57, 59, 73, 76], "excluded_lines": []}, "C:\\Users\\hp\\PycharmProjects\\python_django_restframework\\venv\\Lib\\site-packages\\django\\contrib\\admin\\apps.py": {"executed_lines": [1, 2, 3, 4, 7, 8, 10, 11, 12, 13, 15, 16, 17, 20, 21, 23, 25, 26, 27], "summary": {"covered_lines": 17, "num_statements": 17, "percent_covered": 100.0, "missing_lines": 0, "excluded_lines": 0}, "missing_lines": [], "excluded_lines": []}, "C:\\Users\\hp\\PycharmProjects\\python_django_restframework\\venv\\Lib\\site-packages\\django\\contrib\\admin\\checks.py": {"executed_lines": [1, 2, 4, 5, 6, 9, 10, 11, 12, 13, 14, 17, 18, 19, 22, 27, 28, 33, 38, 39, 40, 41, 45, 46, 50, 51, 52, 53, 54, 55, 58, 62, 63, 65, 66, 71, 72, 78, 79, 80, 81, 84, 92, 101, 109, 110, 119, 125, 131, 143, 146, 148, 149, 165, 169, 172, 177, 220, 224, 227, 232, 247, 252, 253, 279, 283, 284, 285, 288, 289, 294, 298, 300, 302, 304, 312, 315, 316, 324, 329, 334, 340, 342, 343, 349, 350, 356, 368, 370, 373, 374, 388, 390, 394, 396, 398, 401, 406, 408, 411, 416, 420, 421, 425, 428, 430, 432, 435, 441, 464, 480, 481, 490, 492, 495, 498, 504, 526, 538, 549, 553, 555, 558, 563, 565, 572, 582, 584, 589, 591, 593, 594, 598, 600, 603, 604, 613, 638, 640, 641, 659, 662, 666, 668, 671, 675, 677, 680, 683, 688, 724, 728, 731, 736, 737, 739, 740, 741, 742, 759, 767, 769, 772, 774, 776, 779, 780, 786, 800, 801, 804, 809, 817, 819, 835, 844, 847, 848, 858, 860, 863, 866, 868, 871, 874, 876, 879, 882, 884, 888, 891, 896, 946, 949, 952, 954, 957, 958, 977, 982, 983, 984, 985, 987, 988, 989, 1001, 1003, 1005, 1006, 1007, 1008, 1018, 1021, 1023, 1035, 1064, 1072, 1080, 1090, 1100, 1109, 1119, 1129], "summary": {"covered_lines": 224, "num_statements": 454, "percent_covered": 49.33920704845815, "missing_lines": 230, "excluded_lines": 0}, "missing_lines": [29, 30, 42, 44, 47, 64, 73, 83, 85, 95, 103, 112, 120, 126, 132, 170, 183, 184, 185, 186, 188, 189, 193, 194, 195, 206, 207, 218, 225, 237, 238, 239, 240, 242, 243, 245, 254, 255, 256, 257, 264, 265, 266, 274, 286, 299, 301, 303, 305, 313, 317, 335, 347, 351, 354, 358, 375, 376, 377, 378, 386, 391, 399, 409, 422, 423, 426, 433, 445, 446, 447, 448, 450, 451, 462, 467, 469, 470, 478, 482, 496, 509, 510, 511, 512, 514, 515, 524, 530, 531, 533, 542, 543, 544, 545, 547, 554, 556, 566, 567, 568, 569, 571, 573, 583, 587, 590, 592, 595, 596, 605, 606, 608, 614, 615, 616, 617, 618, 619, 621, 622, 623, 624, 635, 663, 672, 681, 690, 691, 692, 693, 701, 703, 704, 711, 712, 719, 720, 722, 729, 738, 743, 744, 745, 746, 747, 760, 775, 777, 784, 787, 788, 798, 802, 821, 822, 825, 826, 834, 837, 838, 839, 841, 849, 850, 864, 872, 880, 889, 897, 898, 899, 900, 902, 903, 911, 912, 921, 923, 933, 934, 944, 950, 960, 961, 962, 963, 972, 973, 975, 986, 990, 1009, 1024, 1025, 1038, 1039, 1040, 1043, 1044, 1046, 1047, 1049, 1050, 1051, 1062, 1065, 1066, 1067, 1068, 1070, 1075, 1076, 1078, 1083, 1084, 1085, 1086, 1088, 1093, 1094, 1095, 1096, 1098, 1103, 1104, 1106, 1110, 1120, 1130], "excluded_lines": []}, "C:\\Users\\hp\\PycharmProjects\\python_django_restframework\\venv\\Lib\\site-packages\\django\\contrib\\admin\\decorators.py": {"executed_lines": [1, 20, 21, 22, 23, 24, 25, 26, 27, 32, 53, 54, 59, 61, 63, 64, 65, 67, 68, 69, 74, 85, 86, 88, 89, 92, 94, 97, 100, 102, 103], "summary": {"covered_lines": 31, "num_statements": 40, "percent_covered": 77.5, "missing_lines": 9, "excluded_lines": 0}, "missing_lines": [29, 55, 60, 62, 66, 71, 90, 95, 98], "excluded_lines": []}, "C:\\Users\\hp\\PycharmProjects\\python_django_restframework\\venv\\Lib\\site-packages\\django\\contrib\\admin\\exceptions.py": {"executed_lines": [1, 4, 5, 6, 9, 10, 11], "summary": {"covered_lines": 5, "num_statements": 5, "percent_covered": 100.0, "missing_lines": 0, "excluded_lines": 0}, "missing_lines": [], "excluded_lines": []}, "C:\\Users\\hp\\PycharmProjects\\python_django_restframework\\venv\\Lib\\site-packages\\django\\contrib\\admin\\filters.py": {"executed_lines": [1, 8, 10, 11, 14, 15, 16, 17, 20, 21, 22, 24, 34, 40, 48, 54, 62, 64, 66, 81, 84, 92, 101, 104, 118, 119, 120, 122, 132, 135, 143, 144, 145, 153, 155, 156, 162, 163, 178, 179, 186, 193, 196, 205, 209, 229, 232, 233, 243, 246, 266, 269, 270, 277, 280, 304, 307, 308, 358, 364, 373, 380, 381, 396, 399, 424, 427, 428, 434, 435, 448, 463, 466], "summary": {"covered_lines": 72, "num_statements": 242, "percent_covered": 29.75206611570248, "missing_lines": 170, "excluded_lines": 0}, "missing_lines": [27, 28, 29, 38, 46, 52, 59, 67, 68, 69, 73, 74, 75, 76, 77, 78, 79, 82, 90, 96, 102, 105, 110, 111, 123, 124, 125, 126, 127, 128, 129, 130, 133, 136, 137, 138, 141, 149, 151, 157, 158, 159, 164, 165, 166, 167, 168, 169, 170, 171, 172, 174, 175, 176, 184, 187, 188, 190, 191, 194, 200, 201, 202, 203, 206, 207, 210, 215, 216, 221, 222, 234, 235, 236, 237, 238, 239, 241, 244, 247, 248, 253, 258, 259, 271, 272, 273, 274, 275, 278, 281, 286, 287, 288, 289, 290, 291, 296, 297, 309, 310, 312, 315, 316, 318, 319, 321, 322, 323, 324, 326, 327, 329, 330, 331, 350, 351, 352, 356, 359, 360, 361, 362, 365, 366, 382, 383, 384, 385, 386, 387, 389, 390, 392, 393, 394, 397, 400, 405, 406, 407, 408, 409, 410, 411, 416, 417, 429, 430, 431, 436, 437, 444, 445, 446, 449, 450, 451, 452, 454, 455, 456, 457, 458, 459, 460, 461, 464, 467, 472], "excluded_lines": []}, "C:\\Users\\hp\\PycharmProjects\\python_django_restframework\\venv\\Lib\\site-packages\\django\\contrib\\admin\\helpers.py": {"executed_lines": [1, 3, 4, 8, 9, 12, 13, 14, 15, 16, 17, 19, 22, 23, 24, 32, 35, 36, 47, 56, 57, 60, 61, 64, 65, 72, 73, 82, 83, 88, 93, 94, 109, 116, 124, 125, 131, 149, 153, 154, 186, 193, 204, 240, 241, 244, 264, 289, 323, 336, 337, 340, 341, 344, 345, 352, 353, 356, 365, 372, 383, 386, 393, 397, 402, 403, 407, 414, 415, 416], "summary": {"covered_lines": 67, "num_statements": 249, "percent_covered": 26.907630522088354, "missing_lines": 182, "excluded_lines": 0}, "missing_lines": [37, 38, 42, 43, 44, 45, 48, 49, 58, 62, 66, 67, 68, 69, 75, 76, 77, 78, 79, 80, 84, 85, 86, 89, 90, 95, 96, 97, 99, 100, 104, 105, 106, 107, 110, 111, 112, 114, 117, 126, 127, 128, 129, 132, 133, 134, 135, 137, 138, 139, 140, 141, 144, 150, 158, 159, 161, 163, 164, 166, 168, 169, 171, 173, 179, 180, 181, 182, 183, 184, 187, 188, 189, 190, 191, 194, 198, 199, 200, 201, 202, 205, 206, 207, 208, 209, 210, 212, 213, 216, 217, 218, 219, 220, 222, 223, 225, 227, 228, 229, 233, 235, 236, 237, 248, 249, 250, 251, 252, 253, 254, 255, 256, 257, 258, 259, 260, 261, 262, 265, 266, 268, 270, 271, 272, 277, 278, 282, 283, 290, 291, 292, 293, 294, 295, 296, 297, 298, 311, 312, 313, 314, 315, 324, 325, 338, 342, 346, 347, 348, 349, 358, 359, 360, 361, 362, 363, 366, 367, 373, 384, 387, 388, 389, 391, 394, 395, 398, 399, 404, 405, 408, 409, 410, 411, 417, 419, 420, 421, 422, 423, 424], "excluded_lines": []}, "C:\\Users\\hp\\PycharmProjects\\python_django_restframework\\venv\\Lib\\site-packages\\django\\contrib\\admin\\models.py": {"executed_lines": [1, 3, 4, 5, 6, 7, 8, 9, 10, 12, 13, 14, 16, 23, 24, 26, 39, 40, 45, 50, 56, 58, 59, 61, 63, 65, 66, 67, 68, 69, 71, 74, 87, 90, 93, 96, 136, 140], "summary": {"covered_lines": 38, "num_statements": 84, "percent_covered": 45.23809523809524, "missing_lines": 46, "excluded_lines": 0}, "missing_lines": [27, 28, 29, 72, 75, 76, 77, 78, 82, 83, 85, 88, 91, 94, 101, 102, 103, 104, 105, 106, 107, 108, 109, 110, 111, 113, 115, 116, 119, 120, 121, 125, 127, 128, 129, 131, 132, 134, 138, 144, 145, 146, 147, 148, 149, 150], "excluded_lines": []}, "C:\\Users\\hp\\PycharmProjects\\python_django_restframework\\venv\\Lib\\site-packages\\django\\contrib\\admin\\options.py": {"executed_lines": [1, 2, 3, 4, 5, 6, 8, 9, 10, 11, 12, 15, 16, 17, 18, 23, 26, 27, 30, 31, 32, 33, 34, 38, 39, 40, 41, 42, 43, 44, 45, 46, 47, 50, 51, 52, 54, 55, 58, 61, 68, 72, 73, 79, 97, 100, 101, 103, 104, 105, 106, 107, 108, 109, 110, 111, 112, 113, 114, 115, 116, 117, 118, 119, 121, 122, 124, 127, 128, 130, 132, 189, 207, 220, 244, 286, 293, 306, 315, 321, 331, 339, 343, 349, 355, 361, 373, 377, 431, 476, 485, 500, 515, 534, 537, 551, 552, 554, 555, 556, 557, 558, 559, 560, 561, 562, 563, 564, 565, 566, 567, 568, 571, 572, 573, 574, 575, 576, 577, 580, 581, 582, 583, 584, 585, 587, 588, 589, 590, 591, 593, 596, 611, 612, 614, 615, 617, 618, 620, 622, 634, 635, 636, 638, 639, 653, 666, 669, 717, 724, 752, 767, 780, 794, 801, 804, 820, 836, 852, 853, 859, 860, 861, 863, 865, 866, 868, 869, 872, 873, 875, 876, 878, 879, 881, 897, 909, 920, 947, 954, 966, 973, 980, 987, 1037, 1055, 1061, 1086, 1093, 1099, 1105, 1109, 1115, 1127, 1174, 1251, 1326, 1339, 1346, 1353, 1420, 1461, 1482, 1507, 1522, 1535, 1536, 1540, 1654, 1657, 1660, 1667, 1683, 1684, 1839, 1846, 1847, 1851, 1909, 1949, 1995, 1996, 2003, 2004, 2005, 2006, 2007, 2008, 2009, 2010, 2011, 2012, 2013, 2014, 2015, 2017, 2028, 2029, 2038, 2042, 2046, 2050, 2139, 2142, 2148, 2166, 2175, 2181, 2187, 2195, 2196, 2199, 2200], "summary": {"covered_lines": 250, "num_statements": 1054, "percent_covered": 23.719165085388994, "missing_lines": 804, "excluded_lines": 0}, "missing_lines": [64, 65, 69, 129, 141, 142, 145, 150, 151, 154, 155, 156, 157, 163, 164, 165, 166, 167, 173, 177, 181, 182, 183, 184, 187, 194, 196, 197, 200, 201, 205, 213, 214, 215, 216, 217, 218, 224, 226, 227, 228, 229, 230, 231, 232, 235, 237, 238, 239, 240, 242, 250, 251, 252, 254, 255, 256, 257, 262, 263, 268, 269, 273, 274, 275, 276, 278, 279, 281, 282, 283, 284, 291, 294, 295, 297, 298, 299, 301, 310, 311, 312, 313, 319, 325, 326, 328, 329, 335, 336, 337, 341, 347, 353, 359, 366, 368, 369, 370, 371, 375, 378, 380, 384, 386, 387, 388, 389, 391, 392, 393, 394, 395, 396, 399, 403, 405, 406, 409, 410, 411, 413, 415, 416, 417, 418, 419, 420, 421, 423, 426, 436, 438, 439, 440, 441, 445, 446, 450, 451, 452, 456, 457, 458, 459, 460, 462, 466, 467, 468, 469, 472, 474, 481, 482, 483, 496, 497, 498, 511, 512, 513, 526, 527, 528, 529, 535, 548, 594, 597, 598, 599, 600, 601, 604, 605, 606, 607, 609, 616, 640, 641, 651, 659, 667, 674, 675, 677, 678, 679, 680, 681, 684, 685, 686, 689, 692, 695, 696, 698, 706, 707, 709, 710, 711, 712, 721, 722, 729, 730, 732, 733, 734, 735, 736, 758, 759, 760, 761, 762, 763, 764, 765, 771, 775, 776, 778, 785, 789, 798, 799, 802, 810, 811, 826, 827, 843, 844, 857, 874, 883, 884, 885, 886, 887, 888, 889, 893, 894, 895, 904, 905, 906, 907, 914, 915, 916, 917, 918, 927, 928, 929, 934, 935, 939, 940, 941, 942, 944, 945, 952, 960, 961, 964, 971, 978, 985, 993, 994, 995, 996, 997, 998, 999, 1001, 1002, 1004, 1005, 1006, 1007, 1008, 1009, 1010, 1012, 1013, 1015, 1016, 1018, 1020, 1022, 1023, 1024, 1025, 1027, 1028, 1029, 1030, 1032, 1033, 1035, 1041, 1042, 1043, 1044, 1045, 1046, 1047, 1049, 1051, 1052, 1053, 1059, 1072, 1074, 1075, 1076, 1077, 1078, 1079, 1084, 1091, 1097, 1103, 1107, 1113, 1123, 1124, 1125, 1128, 1129, 1130, 1131, 1132, 1133, 1134, 1135, 1136, 1137, 1138, 1161, 1162, 1164, 1166, 1168, 1178, 1179, 1180, 1186, 1187, 1189, 1190, 1197, 1198, 1199, 1200, 1202, 1203, 1204, 1208, 1216, 1221, 1222, 1223, 1224, 1225, 1226, 1227, 1231, 1233, 1234, 1238, 1239, 1240, 1241, 1244, 1248, 1249, 1256, 1257, 1258, 1259, 1260, 1261, 1262, 1268, 1276, 1277, 1279, 1283, 1284, 1288, 1289, 1290, 1291, 1293, 1294, 1298, 1299, 1303, 1304, 1306, 1307, 1311, 1312, 1315, 1316, 1319, 1323, 1324, 1327, 1328, 1329, 1332, 1333, 1335, 1337, 1344, 1351, 1363, 1364, 1365, 1366, 1369, 1370, 1371, 1374, 1375, 1376, 1380, 1382, 1383, 1386, 1387, 1388, 1389, 1394, 1395, 1397, 1399, 1400, 1402, 1404, 1406, 1411, 1412, 1414, 1416, 1417, 1418, 1424, 1426, 1427, 1431, 1439, 1448, 1449, 1453, 1454, 1458, 1459, 1462, 1463, 1465, 1466, 1472, 1484, 1485, 1486, 1487, 1488, 1489, 1490, 1491, 1492, 1495, 1496, 1497, 1498, 1499, 1504, 1505, 1511, 1512, 1513, 1514, 1515, 1516, 1518, 1519, 1520, 1527, 1531, 1532, 1533, 1537, 1538, 1541, 1542, 1543, 1545, 1546, 1548, 1549, 1551, 1553, 1554, 1555, 1556, 1559, 1561, 1562, 1563, 1565, 1566, 1568, 1569, 1571, 1572, 1575, 1576, 1577, 1578, 1579, 1581, 1582, 1583, 1584, 1585, 1586, 1587, 1588, 1589, 1591, 1592, 1594, 1596, 1597, 1598, 1599, 1601, 1602, 1604, 1605, 1607, 1608, 1615, 1617, 1618, 1619, 1621, 1622, 1623, 1624, 1626, 1627, 1644, 1645, 1646, 1648, 1650, 1652, 1655, 1658, 1662, 1665, 1672, 1673, 1674, 1675, 1676, 1677, 1678, 1680, 1681, 1688, 1689, 1690, 1691, 1692, 1694, 1695, 1696, 1703, 1704, 1707, 1713, 1714, 1716, 1718, 1720, 1721, 1722, 1723, 1725, 1727, 1729, 1730, 1733, 1736, 1737, 1738, 1739, 1741, 1743, 1747, 1752, 1755, 1756, 1757, 1758, 1759, 1760, 1761, 1762, 1763, 1764, 1765, 1766, 1767, 1768, 1769, 1770, 1772, 1773, 1781, 1783, 1786, 1787, 1788, 1791, 1792, 1794, 1797, 1798, 1799, 1800, 1802, 1804, 1810, 1831, 1833, 1844, 1848, 1849, 1853, 1854, 1856, 1857, 1858, 1860, 1862, 1863, 1865, 1866, 1870, 1872, 1873, 1874, 1875, 1876, 1877, 1878, 1879, 1881, 1883, 1885, 1886, 1888, 1890, 1907, 1911, 1914, 1915, 1916, 1917, 1919, 1920, 1923, 1924, 1925, 1930, 1941, 1943, 1951, 1952, 1953, 1954, 1955, 1956, 1957, 1958, 1959, 1960, 1961, 1962, 1967, 1968, 1973, 1975, 1977, 1984, 1985, 1986, 1987, 1988, 1989, 1990, 1991, 1992, 2018, 2019, 2020, 2021, 2022, 2023, 2024, 2025, 2026, 2030, 2031, 2032, 2033, 2034, 2035, 2036, 2040, 2044, 2048, 2052, 2053, 2055, 2056, 2057, 2058, 2059, 2062, 2065, 2066, 2067, 2081, 2082, 2083, 2085, 2087, 2093, 2094, 2095, 2096, 2097, 2098, 2099, 2100, 2101, 2102, 2109, 2114, 2117, 2119, 2120, 2121, 2122, 2124, 2126, 2127, 2128, 2129, 2130, 2132, 2134, 2135, 2137, 2140, 2143, 2144, 2145, 2146, 2155, 2157, 2158, 2159, 2160, 2161, 2167, 2172, 2173, 2176, 2178, 2179, 2182, 2184, 2185, 2188, 2191, 2192], "excluded_lines": []}, "C:\\Users\\hp\\PycharmProjects\\python_django_restframework\\venv\\Lib\\site-packages\\django\\contrib\\admin\\sites.py": {"executed_lines": [1, 2, 3, 5, 6, 7, 8, 9, 10, 11, 12, 15, 16, 17, 18, 19, 20, 21, 22, 23, 24, 26, 29, 30, 33, 34, 37, 38, 47, 50, 53, 56, 58, 60, 62, 63, 64, 65, 66, 67, 68, 70, 72, 73, 74, 75, 76, 77, 79, 84, 85, 86, 88, 89, 90, 91, 92, 93, 95, 109, 110, 112, 113, 118, 130, 133, 141, 143, 156, 162, 170, 176, 183, 184, 188, 190, 197, 220, 233, 234, 237, 238, 239, 241, 245, 246, 248, 249, 251, 252, 255, 276, 277, 278, 281, 282, 286, 287, 288, 292, 293, 295, 297, 298, 299, 301, 321, 338, 351, 360, 361, 382, 383, 416, 419, 420, 433, 501, 517, 518, 536, 558, 559, 560, 561, 568], "summary": {"covered_lines": 125, "num_statements": 250, "percent_covered": 50.0, "missing_lines": 125, "excluded_lines": 0}, "missing_lines": [111, 114, 119, 120, 121, 123, 125, 126, 137, 138, 149, 150, 151, 152, 153, 154, 160, 166, 167, 168, 174, 181, 195, 221, 222, 223, 224, 227, 228, 232, 250, 309, 310, 311, 325, 326, 327, 328, 333, 334, 335, 336, 342, 343, 346, 347, 348, 349, 358, 367, 368, 377, 378, 379, 380, 387, 389, 390, 395, 396, 397, 403, 405, 406, 408, 413, 414, 417, 421, 422, 423, 424, 425, 426, 427, 429, 430, 431, 438, 440, 441, 446, 448, 449, 451, 452, 453, 455, 459, 460, 462, 463, 470, 471, 472, 473, 474, 475, 476, 477, 478, 479, 480, 482, 483, 485, 497, 498, 499, 506, 509, 512, 513, 515, 523, 525, 532, 534, 537, 538, 539, 541, 542, 550, 552], "excluded_lines": []}, "C:\\Users\\hp\\PycharmProjects\\python_django_restframework\\venv\\Lib\\site-packages\\django\\contrib\\admin\\templatetags\\__init__.py": {"executed_lines": [1], "summary": {"covered_lines": 0, "num_statements": 0, "percent_covered": 100.0, "missing_lines": 0, "excluded_lines": 0}, "missing_lines": [], "excluded_lines": []}, "C:\\Users\\hp\\PycharmProjects\\python_django_restframework\\venv\\Lib\\site-packages\\django\\contrib\\admin\\templatetags\\admin_list.py": {"executed_lines": [1, 3, 4, 8, 11, 12, 13, 14, 15, 16, 17, 18, 19, 20, 21, 23, 25, 28, 29, 46, 63, 64, 73, 165, 170, 182, 267, 268, 273, 278, 287, 294, 312, 313, 322, 409, 410, 419, 430, 431, 435, 436, 445, 454, 455, 459, 460], "summary": {"covered_lines": 46, "num_statements": 223, "percent_covered": 20.62780269058296, "missing_lines": 177, "excluded_lines": 0}, "missing_lines": [33, 34, 35, 36, 38, 50, 51, 52, 53, 65, 77, 78, 79, 84, 85, 86, 90, 91, 96, 98, 100, 101, 102, 103, 105, 107, 112, 115, 116, 117, 118, 120, 121, 122, 123, 124, 125, 128, 129, 130, 132, 133, 135, 136, 137, 140, 141, 144, 145, 146, 147, 149, 150, 152, 166, 167, 174, 175, 176, 178, 179, 187, 188, 189, 190, 191, 192, 194, 195, 196, 197, 198, 199, 200, 201, 202, 204, 205, 206, 207, 208, 209, 210, 211, 213, 214, 215, 216, 218, 220, 221, 222, 223, 225, 226, 227, 231, 232, 233, 234, 236, 239, 240, 242, 243, 244, 252, 257, 260, 261, 262, 263, 264, 274, 275, 279, 280, 281, 283, 284, 288, 289, 290, 291, 298, 299, 300, 301, 302, 303, 314, 326, 327, 328, 329, 330, 331, 333, 334, 335, 336, 337, 338, 339, 340, 341, 343, 344, 346, 348, 350, 351, 352, 356, 357, 358, 359, 361, 362, 363, 371, 372, 373, 384, 385, 386, 398, 399, 411, 423, 432, 437, 438, 450, 451, 456, 462], "excluded_lines": []}, "C:\\Users\\hp\\PycharmProjects\\python_django_restframework\\venv\\Lib\\site-packages\\django\\contrib\\admin\\templatetags\\admin_modify.py": {"executed_lines": [1, 3, 4, 6, 8, 11, 43, 44, 48, 89, 90, 94, 95, 104, 105], "summary": {"covered_lines": 15, "num_statements": 57, "percent_covered": 26.31578947368421, "missing_lines": 42, "excluded_lines": 0}, "missing_lines": [16, 17, 18, 19, 20, 21, 22, 23, 25, 26, 27, 36, 40, 45, 52, 53, 54, 55, 56, 57, 58, 59, 60, 61, 62, 63, 64, 71, 72, 73, 74, 86, 91, 97, 107, 108, 110, 111, 112, 113, 115, 116], "excluded_lines": []}, "C:\\Users\\hp\\PycharmProjects\\python_django_restframework\\venv\\Lib\\site-packages\\django\\contrib\\admin\\templatetags\\admin_urls.py": {"executed_lines": [1, 3, 4, 5, 6, 8, 11, 12, 16, 17, 21, 22], "summary": {"covered_lines": 12, "num_statements": 40, "percent_covered": 30.0, "missing_lines": 28, "excluded_lines": 0}, "missing_lines": [13, 18, 23, 24, 26, 27, 28, 30, 31, 33, 34, 35, 36, 37, 39, 40, 41, 42, 44, 46, 47, 48, 49, 50, 51, 53, 55, 56], "excluded_lines": []}, "C:\\Users\\hp\\PycharmProjects\\python_django_restframework\\venv\\Lib\\site-packages\\django\\contrib\\admin\\templatetags\\base.py": {"executed_lines": [1, 3, 6, 7, 12, 22], "summary": {"covered_lines": 5, "num_statements": 15, "percent_covered": 33.333333333333336, "missing_lines": 10, "excluded_lines": 0}, "missing_lines": [13, 14, 15, 16, 20, 23, 24, 25, 28, 33], "excluded_lines": []}, "C:\\Users\\hp\\PycharmProjects\\python_django_restframework\\venv\\Lib\\site-packages\\django\\contrib\\admin\\templatetags\\log.py": {"executed_lines": [1, 2, 4, 7, 8, 11, 14, 26, 27], "summary": {"covered_lines": 9, "num_statements": 30, "percent_covered": 30.0, "missing_lines": 21, "excluded_lines": 0}, "missing_lines": [9, 12, 15, 16, 18, 19, 20, 21, 22, 23, 45, 46, 47, 49, 50, 52, 53, 55, 56, 57, 59], "excluded_lines": []}, "C:\\Users\\hp\\PycharmProjects\\python_django_restframework\\venv\\Lib\\site-packages\\django\\contrib\\admin\\utils.py": {"executed_lines": [1, 2, 3, 4, 6, 7, 8, 9, 10, 11, 12, 13, 14, 15, 16, 18, 19, 20, 23, 24, 25, 28, 53, 66, 76, 81, 85, 86, 87, 90, 91, 94, 104, 160, 161, 167, 170, 188, 192, 207, 217, 225, 244, 262, 288, 309, 369, 381, 411, 432, 433, 436, 443, 474, 483, 484, 485, 486, 489, 490, 491, 494, 543], "summary": {"covered_lines": 62, "num_statements": 322, "percent_covered": 19.25465838509317, "missing_lines": 260, "excluded_lines": 0}, "missing_lines": [32, 34, 35, 36, 37, 38, 39, 41, 43, 45, 46, 47, 49, 50, 58, 59, 61, 62, 63, 73, 78, 88, 96, 97, 98, 101, 112, 113, 114, 115, 117, 118, 119, 120, 122, 123, 124, 125, 127, 129, 130, 131, 132, 133, 138, 140, 143, 150, 152, 154, 155, 157, 162, 163, 164, 165, 168, 171, 172, 173, 177, 179, 180, 181, 182, 183, 184, 185, 186, 189, 190, 193, 194, 195, 196, 197, 198, 199, 200, 202, 203, 204, 205, 211, 212, 213, 214, 215, 222, 232, 233, 234, 235, 237, 238, 253, 254, 255, 256, 257, 258, 259, 263, 264, 265, 266, 269, 270, 271, 272, 273, 274, 276, 277, 278, 280, 281, 283, 284, 285, 296, 297, 300, 303, 304, 306, 317, 318, 319, 320, 321, 322, 324, 325, 326, 327, 328, 330, 331, 332, 333, 334, 335, 336, 337, 339, 340, 341, 342, 343, 344, 346, 347, 348, 351, 352, 353, 354, 356, 358, 359, 360, 361, 363, 364, 366, 370, 371, 372, 373, 374, 376, 377, 378, 382, 384, 385, 388, 389, 390, 391, 392, 393, 394, 395, 396, 397, 398, 399, 400, 401, 402, 403, 404, 405, 406, 408, 412, 414, 415, 416, 417, 418, 419, 420, 421, 422, 423, 424, 425, 426, 427, 429, 437, 438, 440, 451, 452, 453, 454, 455, 457, 458, 459, 460, 461, 464, 465, 466, 468, 469, 470, 471, 487, 503, 504, 508, 510, 511, 512, 513, 514, 515, 516, 517, 518, 519, 525, 526, 533, 534, 540, 544, 545, 546, 547, 548, 549, 550, 551], "excluded_lines": []}, "C:\\Users\\hp\\PycharmProjects\\python_django_restframework\\venv\\Lib\\site-packages\\django\\contrib\\admin\\views\\__init__.py": {"executed_lines": [1], "summary": {"covered_lines": 0, "num_statements": 0, "percent_covered": 100.0, "missing_lines": 0, "excluded_lines": 0}, "missing_lines": [], "excluded_lines": []}, "C:\\Users\\hp\\PycharmProjects\\python_django_restframework\\venv\\Lib\\site-packages\\django\\contrib\\admin\\views\\autocomplete.py": {"executed_lines": [1, 2, 3, 4, 7, 8, 9, 10, 12, 35, 39, 48, 100], "summary": {"covered_lines": 12, "num_statements": 56, "percent_covered": 21.428571428571427, "missing_lines": 44, "excluded_lines": 0}, "missing_lines": [20, 22, 23, 25, 26, 27, 37, 41, 42, 43, 44, 45, 46, 59, 60, 61, 62, 63, 64, 65, 68, 69, 70, 71, 73, 74, 75, 76, 77, 78, 79, 80, 81, 82, 83, 84, 87, 88, 93, 94, 95, 96, 98, 102], "excluded_lines": []}, "C:\\Users\\hp\\PycharmProjects\\python_django_restframework\\venv\\Lib\\site-packages\\django\\contrib\\admin\\views\\main.py": {"executed_lines": [1, 3, 4, 5, 6, 7, 10, 13, 16, 19, 20, 21, 22, 23, 24, 25, 28, 29, 30, 31, 32, 33, 35, 39, 40, 48, 49, 51, 110, 123, 214, 232, 265, 273, 297, 340, 402, 442, 496, 508, 521], "summary": {"covered_lines": 41, "num_statements": 326, "percent_covered": 12.576687116564417, "missing_lines": 285, "excluded_lines": 0}, "missing_lines": [41, 43, 54, 55, 56, 57, 58, 59, 60, 61, 62, 63, 64, 65, 66, 67, 68, 69, 70, 71, 74, 75, 76, 77, 78, 79, 80, 81, 82, 83, 84, 85, 86, 87, 88, 89, 90, 91, 92, 93, 95, 96, 98, 99, 100, 101, 102, 103, 104, 106, 107, 108, 114, 115, 118, 119, 120, 121, 124, 125, 126, 128, 129, 130, 132, 133, 134, 135, 137, 139, 140, 142, 147, 148, 149, 150, 152, 159, 160, 161, 162, 163, 164, 166, 169, 170, 171, 172, 173, 174, 179, 180, 181, 182, 183, 186, 188, 189, 190, 191, 192, 203, 204, 205, 206, 207, 211, 212, 215, 216, 217, 218, 219, 220, 221, 222, 223, 224, 225, 226, 227, 229, 230, 233, 235, 238, 239, 241, 242, 243, 246, 247, 249, 250, 251, 252, 254, 255, 258, 259, 260, 261, 262, 263, 266, 267, 268, 269, 270, 271, 281, 282, 283, 284, 287, 288, 289, 290, 292, 293, 294, 295, 306, 307, 308, 310, 311, 312, 313, 314, 315, 316, 317, 318, 319, 320, 321, 322, 323, 324, 326, 328, 329, 331, 332, 333, 336, 338, 347, 348, 349, 353, 355, 356, 357, 358, 359, 360, 361, 362, 364, 365, 366, 369, 372, 373, 374, 375, 376, 380, 387, 389, 392, 393, 394, 395, 399, 400, 408, 409, 410, 414, 415, 416, 417, 418, 419, 420, 422, 423, 424, 425, 427, 428, 429, 430, 431, 433, 434, 435, 436, 437, 438, 439, 440, 444, 452, 453, 454, 455, 456, 458, 462, 463, 466, 467, 473, 475, 476, 479, 480, 483, 486, 491, 492, 494, 497, 498, 500, 501, 502, 504, 505, 506, 509, 510, 511, 512, 513, 515, 517, 518, 519, 522, 523], "excluded_lines": []}, "C:\\Users\\hp\\PycharmProjects\\python_django_restframework\\venv\\Lib\\site-packages\\django\\contrib\\admin\\widgets.py": {"executed_lines": [1, 4, 5, 7, 8, 9, 10, 11, 12, 13, 14, 15, 16, 17, 20, 21, 27, 28, 34, 39, 49, 50, 51, 56, 61, 62, 63, 68, 73, 74, 77, 79, 85, 92, 93, 96, 97, 100, 120, 121, 125, 127, 133, 161, 167, 173, 195, 196, 200, 202, 209, 212, 215, 220, 224, 225, 229, 231, 254, 261, 262, 265, 266, 269, 273, 301, 304, 307, 311, 312, 316, 317, 321, 322, 326, 327, 329, 333, 347, 348, 350, 354, 355, 358, 359, 366, 373, 376, 377, 383, 385, 392, 395, 420, 449, 450, 471, 472, 475, 476], "summary": {"covered_lines": 93, "num_statements": 259, "percent_covered": 35.907335907335906, "missing_lines": 166, "excluded_lines": 0}, "missing_lines": [35, 36, 37, 40, 41, 42, 43, 44, 45, 46, 57, 58, 69, 70, 80, 83, 86, 87, 88, 89, 105, 106, 107, 108, 109, 110, 111, 112, 113, 115, 116, 117, 128, 129, 130, 131, 134, 135, 136, 138, 146, 147, 148, 149, 150, 152, 154, 155, 156, 158, 159, 162, 163, 164, 165, 168, 169, 170, 171, 174, 175, 176, 177, 178, 180, 181, 189, 190, 192, 203, 204, 206, 207, 210, 213, 216, 217, 218, 221, 234, 235, 236, 237, 238, 241, 242, 243, 245, 246, 248, 249, 250, 252, 255, 256, 257, 258, 259, 263, 267, 270, 274, 275, 276, 277, 278, 282, 293, 294, 295, 296, 297, 298, 299, 302, 305, 308, 313, 318, 323, 330, 331, 334, 335, 336, 337, 338, 339, 340, 341, 342, 343, 344, 351, 360, 386, 387, 388, 389, 390, 393, 403, 404, 405, 418, 422, 423, 424, 425, 429, 430, 431, 432, 433, 434, 438, 439, 443, 444, 445, 446, 447, 451, 452, 453, 454], "excluded_lines": []}, "C:\\Users\\hp\\PycharmProjects\\python_django_restframework\\venv\\Lib\\site-packages\\django\\contrib\\auth\\__init__.py": {"executed_lines": [1, 2, 4, 5, 6, 7, 8, 9, 10, 12, 14, 15, 16, 17, 20, 24, 37, 41, 42, 57, 63, 64, 90, 138, 155, 159, 160, 169, 204, 208, 211], "summary": {"covered_lines": 31, "num_statements": 120, "percent_covered": 25.833333333333332, "missing_lines": 89, "excluded_lines": 0}, "missing_lines": [21, 25, 26, 27, 28, 29, 30, 34, 38, 49, 50, 51, 52, 53, 54, 60, 68, 69, 70, 71, 72, 74, 75, 76, 77, 79, 80, 81, 83, 84, 87, 96, 97, 98, 99, 100, 102, 103, 109, 111, 113, 114, 115, 116, 117, 118, 120, 126, 127, 129, 130, 131, 132, 133, 134, 135, 145, 146, 147, 148, 149, 150, 151, 152, 161, 162, 163, 164, 174, 175, 176, 177, 178, 179, 180, 182, 183, 184, 186, 187, 188, 192, 193, 198, 199, 201, 220, 221, 222], "excluded_lines": []}, "C:\\Users\\hp\\PycharmProjects\\python_django_restframework\\venv\\Lib\\site-packages\\django\\contrib\\auth\\admin.py": {"executed_lines": [1, 2, 3, 4, 5, 6, 9, 10, 11, 12, 13, 14, 15, 16, 17, 18, 19, 21, 22, 25, 26, 27, 28, 29, 31, 40, 41, 42, 43, 44, 52, 58, 59, 60, 61, 62, 63, 64, 65, 67, 72, 82, 83, 91, 95, 96, 97, 101, 128, 129, 191], "summary": {"covered_lines": 51, "num_statements": 101, "percent_covered": 50.495049504950494, "missing_lines": 50, "excluded_lines": 0}, "missing_lines": [32, 33, 36, 37, 68, 69, 70, 76, 77, 78, 79, 80, 93, 98, 99, 108, 109, 112, 117, 118, 119, 120, 121, 125, 126, 130, 131, 132, 133, 134, 138, 139, 140, 141, 142, 143, 144, 145, 146, 147, 158, 160, 161, 163, 182, 184, 202, 203, 204, 205], "excluded_lines": []}, "C:\\Users\\hp\\PycharmProjects\\python_django_restframework\\venv\\Lib\\site-packages\\django\\contrib\\auth\\apps.py": {"executed_lines": [1, 2, 3, 4, 5, 7, 8, 9, 10, 13, 14, 15, 16, 18, 19, 23, 25, 26, 27, 28, 29], "summary": {"covered_lines": 21, "num_statements": 21, "percent_covered": 100.0, "missing_lines": 0, "excluded_lines": 0}, "missing_lines": [], "excluded_lines": []}, "C:\\Users\\hp\\PycharmProjects\\python_django_restframework\\venv\\Lib\\site-packages\\django\\contrib\\auth\\backends.py": {"executed_lines": [1, 2, 3, 5, 8, 9, 12, 15, 18, 21, 27, 31, 32, 36, 51, 59, 62, 67, 86, 93, 100, 107, 110, 119, 155, 163, 164, 168, 169, 181, 183, 213, 222, 231, 232], "summary": {"covered_lines": 33, "num_statements": 116, "percent_covered": 28.448275862068964, "missing_lines": 83, "excluded_lines": 0}, "missing_lines": [10, 13, 16, 19, 22, 28, 37, 38, 39, 40, 41, 42, 43, 46, 48, 49, 56, 57, 60, 63, 64, 65, 73, 74, 76, 77, 78, 79, 81, 82, 83, 84, 91, 98, 101, 102, 103, 104, 105, 108, 114, 124, 125, 126, 127, 128, 132, 133, 137, 138, 139, 141, 142, 143, 145, 147, 148, 149, 150, 151, 153, 156, 157, 158, 159, 160, 165, 192, 193, 194, 195, 200, 201, 204, 205, 207, 208, 209, 210, 211, 220, 228, 233], "excluded_lines": []}, "C:\\Users\\hp\\PycharmProjects\\python_django_restframework\\venv\\Lib\\site-packages\\django\\contrib\\auth\\base_user.py": {"executed_lines": [1, 5, 7, 8, 9, 12, 13, 14, 17, 19, 20, 33, 44, 48, 49, 50, 52, 54, 58, 60, 61, 63, 66, 72, 76, 79, 82, 83, 88, 90, 91, 96, 98, 102, 114, 118, 124, 129, 143, 144, 150, 151], "summary": {"covered_lines": 41, "num_statements": 76, "percent_covered": 53.94736842105263, "missing_lines": 35, "excluded_lines": 0}, "missing_lines": [24, 25, 26, 27, 28, 30, 31, 42, 45, 64, 67, 68, 69, 70, 74, 77, 80, 99, 100, 107, 108, 110, 111, 112, 116, 122, 126, 127, 133, 134, 145, 146, 147, 148, 152], "excluded_lines": []}, "C:\\Users\\hp\\PycharmProjects\\python_django_restframework\\venv\\Lib\\site-packages\\django\\contrib\\auth\\checks.py": {"executed_lines": [1, 2, 4, 5, 6, 8, 11, 12, 13, 26, 29, 39, 55, 82, 92, 102, 105, 106, 107, 111, 112, 113, 114, 116, 117, 118, 120, 124, 140, 144, 161, 162, 210], "summary": {"covered_lines": 33, "num_statements": 60, "percent_covered": 55.0, "missing_lines": 27, "excluded_lines": 0}, "missing_lines": [15, 16, 17, 18, 19, 24, 30, 40, 59, 61, 71, 83, 93, 109, 125, 128, 145, 148, 164, 165, 176, 177, 190, 191, 199, 200, 208], "excluded_lines": []}, "C:\\Users\\hp\\PycharmProjects\\python_django_restframework\\venv\\Lib\\site-packages\\django\\contrib\\auth\\decorators.py": {"executed_lines": [1, 2, 4, 5, 6, 7, 10, 17, 18, 19, 34, 35, 38, 43, 48, 49, 53], "summary": {"covered_lines": 17, "num_statements": 38, "percent_covered": 44.73684210526316, "missing_lines": 21, "excluded_lines": 0}, "missing_lines": [20, 21, 22, 23, 26, 27, 28, 30, 31, 32, 50, 60, 61, 62, 64, 66, 67, 69, 70, 72, 73], "excluded_lines": []}, "C:\\Users\\hp\\PycharmProjects\\python_django_restframework\\venv\\Lib\\site-packages\\django\\contrib\\auth\\forms.py": {"executed_lines": [1, 3, 4, 7, 10, 11, 12, 13, 14, 15, 16, 17, 18, 19, 21, 24, 33, 34, 35, 37, 54, 55, 57, 58, 59, 60, 63, 64, 67, 68, 75, 76, 80, 83, 89, 96, 97, 98, 99, 101, 106, 116, 127, 135, 136, 145, 146, 147, 148, 150, 160, 161, 165, 166, 172, 180, 197, 210, 227, 230, 238, 239, 245, 262, 280, 316, 317, 321, 324, 330, 336, 340, 352, 360, 361, 365, 369, 375, 377, 390, 391, 394, 397, 398, 404, 411, 415, 426, 434, 435], "summary": {"covered_lines": 85, "num_statements": 205, "percent_covered": 41.46341463414634, "missing_lines": 120, "excluded_lines": 0}, "missing_lines": [30, 38, 39, 40, 41, 43, 44, 45, 46, 48, 49, 50, 51, 65, 102, 103, 104, 107, 108, 109, 110, 114, 117, 120, 121, 122, 123, 124, 125, 128, 129, 130, 131, 132, 151, 152, 153, 154, 155, 156, 157, 185, 186, 187, 190, 191, 192, 193, 194, 195, 198, 199, 201, 202, 203, 204, 206, 208, 221, 222, 228, 231, 250, 252, 253, 255, 256, 257, 258, 260, 269, 270, 274, 290, 291, 292, 293, 294, 296, 297, 298, 299, 300, 310, 337, 338, 341, 342, 343, 344, 345, 349, 350, 353, 354, 355, 356, 357, 381, 382, 383, 387, 412, 413, 416, 417, 418, 419, 423, 424, 428, 429, 430, 431, 432, 436, 437, 438, 439, 440], "excluded_lines": []}, "C:\\Users\\hp\\PycharmProjects\\python_django_restframework\\venv\\Lib\\site-packages\\django\\contrib\\auth\\hashers.py": {"executed_lines": [1, 2, 3, 4, 5, 6, 7, 9, 10, 11, 12, 13, 16, 17, 19, 20, 23, 31, 65, 86, 87, 99, 100, 104, 105, 111, 134, 155, 165, 170, 171, 179, 180, 181, 183, 198, 208, 212, 221, 233, 242, 245, 259, 260, 267, 268, 269, 271, 279, 289, 294, 303, 308, 315, 316, 322, 323, 326, 327, 334, 335, 337, 338, 339, 341, 355, 376, 385, 398, 408, 413, 427, 428, 436, 437, 438, 439, 441, 445, 457, 468, 474, 483, 487, 498, 499, 511, 512, 515, 516, 519, 521, 527, 536, 541, 549, 553, 557, 558, 561, 563, 569, 578, 583, 591, 595, 599, 600, 608, 610, 613, 618, 626, 630, 637, 641, 642, 652, 654, 657, 661, 668, 674, 681, 685, 686, 691, 692, 694, 697, 705, 714, 720, 728], "summary": {"covered_lines": 123, "num_statements": 340, "percent_covered": 36.1764705882353, "missing_lines": 217, "excluded_lines": 0}, "missing_lines": [28, 39, 40, 42, 43, 44, 45, 47, 49, 50, 51, 57, 58, 60, 61, 62, 74, 75, 76, 77, 81, 82, 83, 88, 89, 90, 91, 92, 93, 95, 96, 101, 106, 107, 108, 118, 119, 121, 122, 125, 126, 127, 128, 129, 144, 146, 148, 149, 151, 152, 160, 161, 162, 167, 184, 185, 186, 188, 189, 190, 191, 192, 194, 195, 205, 206, 210, 219, 229, 240, 243, 256, 272, 273, 274, 275, 276, 277, 280, 281, 282, 290, 291, 292, 295, 296, 304, 305, 306, 309, 310, 311, 312, 342, 343, 344, 353, 356, 357, 358, 359, 360, 362, 363, 364, 377, 378, 379, 380, 381, 382, 383, 386, 387, 399, 400, 401, 404, 405, 406, 411, 414, 416, 442, 443, 446, 447, 450, 452, 454, 455, 458, 459, 460, 469, 470, 471, 472, 475, 476, 484, 485, 488, 489, 490, 492, 493, 494, 495, 522, 523, 524, 525, 528, 529, 530, 537, 538, 539, 542, 543, 550, 551, 554, 564, 565, 566, 567, 570, 571, 572, 579, 580, 581, 584, 585, 592, 593, 596, 611, 614, 615, 616, 619, 620, 627, 628, 631, 632, 638, 655, 658, 659, 662, 669, 670, 671, 672, 675, 676, 682, 695, 698, 699, 700, 701, 703, 706, 707, 708, 715, 716, 717, 718, 721, 722, 729], "excluded_lines": []}, "C:\\Users\\hp\\PycharmProjects\\python_django_restframework\\venv\\Lib\\site-packages\\django\\contrib\\auth\\management\\__init__.py": {"executed_lines": [1, 4, 5, 7, 8, 9, 10, 11, 14, 21, 26, 27, 28, 32, 35, 89, 104], "summary": {"covered_lines": 16, "num_statements": 66, "percent_covered": 24.242424242424242, "missing_lines": 50, "excluded_lines": 0}, "missing_lines": [18, 36, 37, 42, 44, 45, 46, 47, 48, 49, 50, 52, 53, 57, 59, 60, 63, 65, 66, 67, 72, 78, 83, 84, 85, 86, 94, 95, 96, 100, 101, 115, 119, 120, 122, 123, 124, 129, 130, 133, 134, 135, 136, 139, 140, 141, 144, 145, 147, 148], "excluded_lines": []}, "C:\\Users\\hp\\PycharmProjects\\python_django_restframework\\venv\\Lib\\site-packages\\django\\contrib\\auth\\middleware.py": {"executed_lines": [1, 2, 3, 4, 5, 6, 9, 15, 16, 26, 27, 43, 44, 46, 84, 97, 112, 113, 122], "summary": {"covered_lines": 17, "num_statements": 51, "percent_covered": 33.333333333333336, "missing_lines": 34, "excluded_lines": 0}, "missing_lines": [10, 11, 12, 17, 23, 48, 49, 55, 56, 57, 61, 62, 63, 67, 68, 69, 73, 77, 78, 81, 82, 89, 90, 91, 92, 93, 94, 95, 102, 103, 104, 106, 108, 109], "excluded_lines": []}, "C:\\Users\\hp\\PycharmProjects\\python_django_restframework\\venv\\Lib\\site-packages\\django\\contrib\\auth\\models.py": {"executed_lines": [1, 2, 3, 4, 5, 6, 7, 8, 9, 10, 11, 13, 16, 25, 26, 28, 35, 36, 58, 59, 64, 66, 68, 69, 70, 71, 72, 74, 77, 79, 82, 83, 86, 88, 92, 93, 109, 110, 116, 118, 119, 120, 122, 125, 129, 130, 132, 149, 154, 165, 193, 202, 217, 232, 233, 237, 245, 256, 265, 266, 268, 276, 284, 287, 302, 309, 321, 322, 328, 330, 340, 341, 342, 343, 348, 356, 358, 360, 361, 362, 364, 365, 366, 367, 369, 373, 380, 384, 389, 390, 396, 397, 400, 401, 402, 403, 404, 405, 406, 407, 408, 410, 413, 416, 419, 422, 425, 428, 431, 434, 435, 438, 439, 442, 445, 448, 451, 454, 457, 460, 461, 464, 465, 468], "summary": {"covered_lines": 118, "num_statements": 215, "percent_covered": 54.883720930232556, "missing_lines": 97, "excluded_lines": 0}, "missing_lines": [21, 22, 29, 75, 78, 89, 123, 126, 136, 137, 138, 142, 143, 144, 145, 146, 147, 150, 151, 152, 155, 156, 158, 159, 160, 161, 163, 166, 167, 168, 169, 171, 175, 176, 181, 182, 183, 189, 194, 195, 196, 197, 198, 199, 206, 207, 208, 209, 210, 211, 212, 213, 214, 221, 222, 223, 224, 225, 226, 227, 228, 229, 274, 282, 285, 296, 297, 300, 307, 315, 316, 318, 370, 371, 377, 378, 382, 386, 411, 414, 417, 420, 423, 426, 429, 432, 436, 440, 443, 446, 449, 452, 455, 458, 462, 466, 469], "excluded_lines": []}, "C:\\Users\\hp\\PycharmProjects\\python_django_restframework\\venv\\Lib\\site-packages\\django\\contrib\\auth\\password_validation.py": {"executed_lines": [1, 2, 3, 4, 5, 7, 8, 11, 12, 13, 14, 17, 18, 22, 35, 54, 66, 78, 88, 91, 92, 95, 98, 110, 118, 119, 129, 131, 135, 156, 160, 161, 170, 172, 180, 187, 191, 192, 195, 202], "summary": {"covered_lines": 36, "num_statements": 103, "percent_covered": 34.95145631067961, "missing_lines": 67, "excluded_lines": 0}, "missing_lines": [19, 23, 24, 25, 26, 27, 28, 29, 30, 32, 42, 43, 44, 45, 46, 47, 48, 49, 50, 51, 59, 60, 61, 62, 63, 70, 71, 72, 73, 74, 75, 83, 84, 85, 96, 99, 100, 111, 132, 133, 136, 137, 139, 140, 141, 142, 143, 144, 145, 146, 147, 148, 149, 150, 157, 173, 174, 175, 176, 177, 178, 181, 182, 188, 196, 197, 203], "excluded_lines": []}, "C:\\Users\\hp\\PycharmProjects\\python_django_restframework\\venv\\Lib\\site-packages\\django\\contrib\\auth\\signals.py": {"executed_lines": [1, 3, 4, 5], "summary": {"covered_lines": 4, "num_statements": 4, "percent_covered": 100.0, "missing_lines": 0, "excluded_lines": 0}, "missing_lines": [], "excluded_lines": []}, "C:\\Users\\hp\\PycharmProjects\\python_django_restframework\\venv\\Lib\\site-packages\\django\\contrib\\auth\\tokens.py": {"executed_lines": [1, 3, 4, 5, 8, 9, 13, 14, 15, 17, 18, 21, 23, 30, 72, 87, 109, 112, 117], "summary": {"covered_lines": 18, "num_statements": 49, "percent_covered": 36.734693877551024, "missing_lines": 31, "excluded_lines": 0}, "missing_lines": [28, 34, 35, 37, 38, 40, 41, 42, 44, 45, 46, 47, 50, 54, 58, 62, 63, 64, 65, 67, 68, 70, 75, 76, 85, 104, 105, 106, 107, 110, 114], "excluded_lines": []}, "C:\\Users\\hp\\PycharmProjects\\python_django_restframework\\venv\\Lib\\site-packages\\django\\contrib\\auth\\validators.py": {"executed_lines": [1, 3, 4, 5, 8, 9, 10, 11, 15, 18, 19, 20, 21, 25], "summary": {"covered_lines": 14, "num_statements": 14, "percent_covered": 100.0, "missing_lines": 0, "excluded_lines": 0}, "missing_lines": [], "excluded_lines": []}, "C:\\Users\\hp\\PycharmProjects\\python_django_restframework\\venv\\Lib\\site-packages\\django\\contrib\\auth\\views.py": {"executed_lines": [1, 3, 5, 9, 10, 13, 14, 15, 16, 17, 18, 19, 20, 23, 24, 25, 26, 27, 28, 30, 33, 34, 36, 40, 41, 44, 45, 46, 47, 48, 49, 51, 52, 53, 54, 65, 69, 82, 85, 90, 95, 107, 108, 111, 112, 113, 114, 116, 117, 125, 129, 154, 166, 174, 196, 197, 199, 208, 209, 210, 211, 212, 213, 214, 215, 216, 217, 218, 220, 221, 224, 239, 242, 243, 244, 247, 248, 249, 250, 251, 252, 253, 254, 255, 257, 258, 259, 286, 295, 300, 307, 320, 321, 322, 324, 330, 331, 332, 333, 334, 336, 337, 338, 339, 342, 347, 355, 356, 357, 359, 360], "summary": {"covered_lines": 109, "num_statements": 213, "percent_covered": 51.17370892018779, "missing_lines": 104, "excluded_lines": 0}, "missing_lines": [37, 55, 56, 57, 58, 62, 63, 66, 67, 71, 75, 80, 83, 86, 87, 88, 92, 93, 96, 97, 98, 104, 118, 119, 120, 122, 123, 127, 130, 131, 132, 133, 135, 137, 139, 143, 150, 151, 152, 155, 156, 157, 163, 170, 171, 178, 180, 181, 182, 183, 184, 186, 200, 201, 205, 222, 225, 235, 236, 260, 262, 263, 265, 266, 267, 268, 269, 271, 272, 274, 279, 280, 281, 284, 287, 289, 290, 291, 292, 293, 296, 297, 298, 301, 302, 303, 304, 305, 308, 309, 310, 312, 317, 325, 326, 327, 340, 343, 344, 345, 348, 351, 352, 361], "excluded_lines": []}, "C:\\Users\\hp\\PycharmProjects\\python_django_restframework\\venv\\Lib\\site-packages\\django\\contrib\\contenttypes\\__init__.py": {"executed_lines": [1], "summary": {"covered_lines": 0, "num_statements": 0, "percent_covered": 100.0, "missing_lines": 0, "excluded_lines": 0}, "missing_lines": [], "excluded_lines": []}, "C:\\Users\\hp\\PycharmProjects\\python_django_restframework\\venv\\Lib\\site-packages\\django\\contrib\\contenttypes\\admin.py": {"executed_lines": [1, 3, 4, 5, 6, 9, 10, 11, 12, 15, 16, 20, 81, 82, 83, 84, 86, 88, 122, 123, 126, 127], "summary": {"covered_lines": 22, "num_statements": 50, "percent_covered": 44.0, "missing_lines": 28, "excluded_lines": 0}, "missing_lines": [18, 24, 28, 29, 38, 39, 40, 41, 51, 52, 53, 54, 66, 67, 68, 70, 89, 90, 92, 93, 94, 97, 98, 99, 100, 116, 117, 119], "excluded_lines": []}, "C:\\Users\\hp\\PycharmProjects\\python_django_restframework\\venv\\Lib\\site-packages\\django\\contrib\\contenttypes\\apps.py": {"executed_lines": [1, 2, 5, 6, 7, 9, 14, 15, 16, 17, 19, 20, 21, 22, 23], "summary": {"covered_lines": 15, "num_statements": 15, "percent_covered": 100.0, "missing_lines": 0, "excluded_lines": 0}, "missing_lines": [], "excluded_lines": []}, "C:\\Users\\hp\\PycharmProjects\\python_django_restframework\\venv\\Lib\\site-packages\\django\\contrib\\contenttypes\\checks.py": {"executed_lines": [1, 3, 4, 7, 8, 10, 11, 14, 15, 19, 21, 24, 25, 26, 29, 30, 31, 41], "summary": {"covered_lines": 18, "num_statements": 22, "percent_covered": 81.81818181818181, "missing_lines": 4, "excluded_lines": 0}, "missing_lines": [13, 20, 28, 32], "excluded_lines": []}, "C:\\Users\\hp\\PycharmProjects\\python_django_restframework\\venv\\Lib\\site-packages\\django\\contrib\\contenttypes\\fields.py": {"executed_lines": [1, 2, 3, 4, 6, 7, 8, 9, 10, 11, 12, 13, 16, 17, 20, 21, 30, 31, 32, 33, 35, 36, 37, 38, 39, 40, 41, 43, 51, 57, 64, 71, 75, 82, 94, 109, 159, 162, 172, 218, 247, 259, 260, 264, 272, 273, 278, 279, 281, 282, 283, 284, 286, 288, 290, 317, 323, 335, 354, 358, 398, 415, 428, 432, 455, 458, 461, 468, 476, 487, 488, 500, 501, 508], "summary": {"covered_lines": 70, "num_statements": 348, "percent_covered": 20.114942528735632, "missing_lines": 278, "excluded_lines": 0}, "missing_lines": [44, 45, 46, 47, 48, 49, 52, 53, 54, 55, 59, 66, 72, 73, 76, 83, 84, 92, 95, 96, 97, 98, 107, 114, 115, 116, 117, 128, 129, 142, 143, 157, 160, 163, 164, 166, 167, 170, 173, 174, 178, 180, 181, 182, 184, 185, 186, 187, 188, 189, 191, 192, 193, 194, 195, 199, 200, 201, 202, 204, 206, 209, 219, 220, 226, 227, 228, 230, 231, 232, 233, 234, 235, 237, 238, 239, 240, 241, 242, 243, 244, 245, 248, 249, 250, 251, 252, 254, 255, 256, 265, 292, 300, 301, 302, 303, 304, 311, 313, 314, 315, 318, 329, 336, 337, 338, 339, 340, 342, 352, 355, 356, 371, 372, 373, 374, 375, 388, 389, 390, 391, 392, 393, 394, 395, 396, 399, 400, 401, 402, 404, 405, 416, 417, 418, 429, 430, 433, 434, 435, 439, 440, 441, 442, 447, 449, 450, 451, 453, 456, 459, 465, 469, 470, 471, 472, 473, 474, 480, 502, 515, 516, 517, 519, 521, 522, 526, 527, 528, 529, 530, 532, 537, 538, 539, 540, 541, 543, 544, 546, 550, 551, 553, 554, 555, 556, 557, 559, 560, 561, 562, 563, 564, 566, 567, 568, 570, 571, 573, 583, 586, 587, 588, 600, 601, 602, 604, 605, 606, 609, 610, 612, 613, 614, 615, 616, 620, 621, 623, 628, 629, 630, 631, 632, 634, 635, 636, 637, 638, 640, 641, 642, 644, 645, 646, 647, 648, 651, 653, 654, 655, 656, 658, 661, 663, 664, 665, 666, 667, 669, 670, 671, 672, 673, 675, 677, 678, 679, 681, 682, 683, 684, 685, 686, 687, 689, 690, 691, 692, 693, 694, 696, 697, 698, 699, 700, 701, 703], "excluded_lines": []}, "C:\\Users\\hp\\PycharmProjects\\python_django_restframework\\venv\\Lib\\site-packages\\django\\contrib\\contenttypes\\forms.py": {"executed_lines": [1, 2, 3, 4, 7, 8, 12, 33, 38, 39, 46, 52], "summary": {"covered_lines": 11, "num_statements": 40, "percent_covered": 27.5, "missing_lines": 29, "excluded_lines": 0}, "missing_lines": [14, 15, 16, 20, 21, 22, 24, 25, 26, 31, 34, 35, 36, 40, 41, 47, 48, 49, 67, 69, 70, 71, 72, 73, 74, 81, 82, 83, 84], "excluded_lines": []}, "C:\\Users\\hp\\PycharmProjects\\python_django_restframework\\venv\\Lib\\site-packages\\django\\contrib\\contenttypes\\management\\__init__.py": {"executed_lines": [1, 2, 7, 8, 14, 39, 42, 46, 88, 105], "summary": {"covered_lines": 10, "num_statements": 77, "percent_covered": 12.987012987012987, "missing_lines": 67, "excluded_lines": 0}, "missing_lines": [9, 10, 11, 12, 15, 16, 17, 18, 20, 21, 22, 23, 25, 26, 27, 28, 29, 33, 37, 40, 43, 51, 52, 55, 56, 57, 58, 60, 61, 62, 64, 65, 69, 70, 72, 73, 75, 76, 77, 78, 79, 80, 83, 84, 85, 89, 90, 92, 94, 98, 102, 109, 110, 112, 113, 114, 115, 116, 117, 119, 121, 122, 124, 132, 133, 134, 135], "excluded_lines": []}, "C:\\Users\\hp\\PycharmProjects\\python_django_restframework\\venv\\Lib\\site-packages\\django\\contrib\\contenttypes\\models.py": {"executed_lines": [1, 3, 4, 5, 8, 9, 11, 12, 15, 17, 25, 30, 34, 62, 104, 118, 124, 133, 134, 135, 136, 138, 139, 140, 141, 142, 144, 147, 148, 154, 155, 161, 168, 177, 183], "summary": {"covered_lines": 35, "num_statements": 109, "percent_covered": 32.11009174311926, "missing_lines": 74, "excluded_lines": 0}, "missing_lines": [18, 19, 20, 21, 22, 23, 26, 27, 28, 31, 32, 40, 41, 42, 43, 44, 48, 51, 52, 55, 59, 60, 66, 68, 69, 71, 72, 73, 74, 75, 76, 77, 78, 79, 81, 82, 84, 88, 89, 90, 91, 92, 94, 95, 99, 100, 101, 102, 109, 110, 111, 114, 115, 116, 122, 128, 129, 130, 145, 149, 150, 151, 152, 156, 157, 158, 159, 163, 164, 165, 166, 175, 181, 184], "excluded_lines": []}, "C:\\Users\\hp\\PycharmProjects\\python_django_restframework\\venv\\Lib\\site-packages\\django\\contrib\\contenttypes\\views.py": {"executed_lines": [1, 2, 3, 4, 5, 6, 9], "summary": {"covered_lines": 7, "num_statements": 50, "percent_covered": 14.0, "missing_lines": 43, "excluded_lines": 0}, "missing_lines": [14, 15, 16, 17, 21, 22, 23, 28, 29, 30, 31, 35, 41, 42, 46, 47, 48, 49, 51, 52, 53, 55, 57, 58, 59, 62, 65, 66, 67, 68, 72, 73, 74, 75, 76, 77, 78, 79, 80, 84, 85, 86, 88], "excluded_lines": []}, "C:\\Users\\hp\\PycharmProjects\\python_django_restframework\\venv\\Lib\\site-packages\\django\\contrib\\messages\\__init__.py": {"executed_lines": [1, 2], "summary": {"covered_lines": 2, "num_statements": 2, "percent_covered": 100.0, "missing_lines": 0, "excluded_lines": 0}, "missing_lines": [], "excluded_lines": []}, "C:\\Users\\hp\\PycharmProjects\\python_django_restframework\\venv\\Lib\\site-packages\\django\\contrib\\messages\\api.py": {"executed_lines": [1, 2, 4, 12, 13, 16, 37, 45, 56, 69, 75, 81, 87, 93], "summary": {"covered_lines": 14, "num_statements": 34, "percent_covered": 41.1764705882353, "missing_lines": 20, "excluded_lines": 0}, "missing_lines": [20, 21, 22, 23, 24, 28, 29, 34, 42, 52, 53, 63, 64, 65, 66, 71, 77, 83, 89, 95], "excluded_lines": []}, "C:\\Users\\hp\\PycharmProjects\\python_django_restframework\\venv\\Lib\\site-packages\\django\\contrib\\messages\\apps.py": {"executed_lines": [1, 2, 5, 6, 7], "summary": {"covered_lines": 5, "num_statements": 5, "percent_covered": 100.0, "missing_lines": 0, "excluded_lines": 0}, "missing_lines": [], "excluded_lines": []}, "C:\\Users\\hp\\PycharmProjects\\python_django_restframework\\venv\\Lib\\site-packages\\django\\contrib\\messages\\constants.py": {"executed_lines": [1, 2, 3, 4, 5, 7, 15], "summary": {"covered_lines": 7, "num_statements": 7, "percent_covered": 100.0, "missing_lines": 0, "excluded_lines": 0}, "missing_lines": [], "excluded_lines": []}, "C:\\Users\\hp\\PycharmProjects\\python_django_restframework\\venv\\Lib\\site-packages\\django\\contrib\\messages\\middleware.py": {"executed_lines": [1, 2, 3, 6, 7, 11, 14], "summary": {"covered_lines": 6, "num_statements": 12, "percent_covered": 50.0, "missing_lines": 6, "excluded_lines": 0}, "missing_lines": [12, 22, 23, 24, 25, 26], "excluded_lines": []}, "C:\\Users\\hp\\PycharmProjects\\python_django_restframework\\venv\\Lib\\site-packages\\django\\contrib\\messages\\storage\\__init__.py": {"executed_lines": [1, 2, 5], "summary": {"covered_lines": 3, "num_statements": 4, "percent_covered": 75.0, "missing_lines": 1, "excluded_lines": 0}, "missing_lines": [12], "excluded_lines": []}, "C:\\Users\\hp\\PycharmProjects\\python_django_restframework\\venv\\Lib\\site-packages\\django\\contrib\\sessions\\__init__.py": {"executed_lines": [1], "summary": {"covered_lines": 0, "num_statements": 0, "percent_covered": 100.0, "missing_lines": 0, "excluded_lines": 0}, "missing_lines": [], "excluded_lines": []}, "C:\\Users\\hp\\PycharmProjects\\python_django_restframework\\venv\\Lib\\site-packages\\django\\contrib\\sessions\\apps.py": {"executed_lines": [1, 2, 5, 6, 7], "summary": {"covered_lines": 5, "num_statements": 5, "percent_covered": 100.0, "missing_lines": 0, "excluded_lines": 0}, "missing_lines": [], "excluded_lines": []}, "C:\\Users\\hp\\PycharmProjects\\python_django_restframework\\venv\\Lib\\site-packages\\django\\contrib\\sessions\\backends\\__init__.py": {"executed_lines": [1], "summary": {"covered_lines": 0, "num_statements": 0, "percent_covered": 100.0, "missing_lines": 0, "excluded_lines": 0}, "missing_lines": [], "excluded_lines": []}, "C:\\Users\\hp\\PycharmProjects\\python_django_restframework\\venv\\Lib\\site-packages\\django\\contrib\\sessions\\backends\\base.py": {"executed_lines": [1, 2, 3, 4, 5, 7, 8, 9, 10, 11, 12, 15, 16, 17, 21, 24, 25, 29, 32, 33, 36, 39, 40, 43, 44, 46, 48, 54, 57, 67, 71, 75, 76, 79, 82, 87, 95, 98, 101, 104, 109, 119, 136, 142, 161, 165, 168, 171, 174, 177, 185, 192, 199, 204, 211, 214, 223, 224, 226, 241, 243, 246, 271, 292, 318, 329, 338, 351, 357, 365, 373, 380, 386, 387], "summary": {"covered_lines": 71, "num_statements": 213, "percent_covered": 33.333333333333336, "missing_lines": 142, "excluded_lines": 0}, "missing_lines": [49, 50, 51, 52, 55, 58, 59, 65, 68, 69, 72, 73, 77, 80, 83, 84, 85, 88, 89, 91, 92, 93, 96, 99, 102, 106, 107, 112, 113, 114, 120, 121, 124, 125, 128, 129, 130, 131, 132, 133, 134, 138, 139, 140, 144, 145, 147, 148, 149, 150, 152, 153, 156, 157, 158, 159, 162, 163, 166, 169, 172, 175, 181, 182, 183, 187, 188, 189, 190, 195, 196, 197, 200, 201, 202, 209, 212, 218, 219, 221, 231, 232, 233, 234, 235, 236, 238, 239, 244, 252, 253, 254, 255, 259, 260, 261, 262, 264, 265, 266, 267, 268, 269, 277, 278, 279, 280, 282, 283, 284, 285, 287, 288, 289, 290, 307, 309, 310, 311, 312, 313, 314, 315, 316, 325, 326, 327, 334, 335, 336, 342, 343, 344, 345, 346, 347, 355, 363, 371, 378, 384, 395], "excluded_lines": []}, "C:\\Users\\hp\\PycharmProjects\\python_django_restframework\\venv\\Lib\\site-packages\\django\\contrib\\sessions\\base_session.py": {"executed_lines": [1, 5, 6, 9, 10, 17, 26, 27, 28, 29, 31, 33, 34, 35, 36, 38, 41, 42, 45], "summary": {"covered_lines": 18, "num_statements": 29, "percent_covered": 62.06896551724138, "missing_lines": 11, "excluded_lines": 0}, "missing_lines": [14, 15, 18, 19, 20, 22, 23, 39, 43, 46, 47], "excluded_lines": []}, "C:\\Users\\hp\\PycharmProjects\\python_django_restframework\\venv\\Lib\\site-packages\\django\\contrib\\sessions\\exceptions.py": {"executed_lines": [1, 4, 5, 6, 9, 10, 11, 14, 15, 16], "summary": {"covered_lines": 7, "num_statements": 7, "percent_covered": 100.0, "missing_lines": 0, "excluded_lines": 0}, "missing_lines": [], "excluded_lines": []}, "C:\\Users\\hp\\PycharmProjects\\python_django_restframework\\venv\\Lib\\site-packages\\django\\contrib\\sessions\\middleware.py": {"executed_lines": [1, 2, 4, 5, 6, 7, 8, 9, 12, 15, 20, 24], "summary": {"covered_lines": 12, "num_statements": 42, "percent_covered": 28.571428571428573, "missing_lines": 30, "excluded_lines": 0}, "missing_lines": [16, 17, 18, 21, 22, 30, 31, 32, 33, 34, 35, 38, 39, 45, 47, 48, 49, 50, 51, 52, 54, 55, 56, 59, 60, 61, 62, 63, 68, 77], "excluded_lines": []}, "C:\\Users\\hp\\PycharmProjects\\python_django_restframework\\venv\\Lib\\site-packages\\django\\contrib\\sessions\\models.py": {"executed_lines": [1, 6, 7, 10, 11, 27, 29, 30, 34, 35], "summary": {"covered_lines": 9, "num_statements": 11, "percent_covered": 81.81818181818181, "missing_lines": 2, "excluded_lines": 0}, "missing_lines": [31, 32], "excluded_lines": []}, "C:\\Users\\hp\\PycharmProjects\\python_django_restframework\\venv\\Lib\\site-packages\\django\\contrib\\sites\\__init__.py": {"executed_lines": [1], "summary": {"covered_lines": 0, "num_statements": 0, "percent_covered": 100.0, "missing_lines": 0, "excluded_lines": 0}, "missing_lines": [], "excluded_lines": []}, "C:\\Users\\hp\\PycharmProjects\\python_django_restframework\\venv\\Lib\\site-packages\\django\\contrib\\sites\\shortcuts.py": {"executed_lines": [1, 4], "summary": {"covered_lines": 2, "num_statements": 7, "percent_covered": 28.571428571428573, "missing_lines": 5, "excluded_lines": 0}, "missing_lines": [11, 12, 13, 15, 16], "excluded_lines": []}, "C:\\Users\\hp\\PycharmProjects\\python_django_restframework\\venv\\Lib\\site-packages\\django\\contrib\\staticfiles\\__init__.py": {"executed_lines": [1], "summary": {"covered_lines": 0, "num_statements": 0, "percent_covered": 100.0, "missing_lines": 0, "excluded_lines": 0}, "missing_lines": [], "excluded_lines": []}, "C:\\Users\\hp\\PycharmProjects\\python_django_restframework\\venv\\Lib\\site-packages\\django\\contrib\\staticfiles\\apps.py": {"executed_lines": [1, 2, 3, 4, 7, 8, 9, 10, 12, 13], "summary": {"covered_lines": 10, "num_statements": 10, "percent_covered": 100.0, "missing_lines": 0, "excluded_lines": 0}, "missing_lines": [], "excluded_lines": []}, "C:\\Users\\hp\\PycharmProjects\\python_django_restframework\\venv\\Lib\\site-packages\\django\\contrib\\staticfiles\\checks.py": {"executed_lines": [1, 4, 6, 7, 8, 9, 10, 11, 13, 14], "summary": {"covered_lines": 10, "num_statements": 10, "percent_covered": 100.0, "missing_lines": 0, "excluded_lines": 0}, "missing_lines": [], "excluded_lines": []}, "C:\\Users\\hp\\PycharmProjects\\python_django_restframework\\venv\\Lib\\site-packages\\django\\contrib\\staticfiles\\finders.py": {"executed_lines": [1, 2, 4, 5, 6, 7, 8, 9, 12, 13, 14, 17, 20, 21, 24, 25, 30, 39, 47, 48, 52, 54, 56, 57, 64, 68, 70, 71, 72, 78, 93, 95, 110, 124, 134, 135, 139, 140, 142, 144, 146, 147, 148, 151, 152, 154, 155, 156, 157, 158, 160, 169, 185, 197, 198, 202, 204, 216, 234, 242, 243, 246, 248, 257, 279, 280, 281, 284, 285, 290, 291, 294], "summary": {"covered_lines": 67, "num_statements": 166, "percent_covered": 40.36144578313253, "missing_lines": 99, "excluded_lines": 0}, "missing_lines": [37, 44, 58, 59, 61, 62, 63, 65, 66, 67, 73, 79, 80, 81, 82, 87, 88, 99, 100, 101, 102, 103, 104, 105, 106, 107, 108, 115, 116, 117, 118, 119, 120, 121, 122, 128, 129, 130, 131, 149, 150, 164, 165, 166, 167, 173, 174, 175, 176, 177, 178, 179, 180, 181, 182, 183, 189, 191, 192, 193, 194, 205, 206, 207, 208, 212, 213, 214, 220, 221, 222, 223, 225, 226, 227, 228, 229, 230, 231, 232, 238, 239, 249, 250, 251, 252, 264, 265, 266, 267, 268, 269, 270, 271, 272, 273, 274, 276, 292], "excluded_lines": []}, "C:\\Users\\hp\\PycharmProjects\\python_django_restframework\\venv\\Lib\\site-packages\\django\\contrib\\staticfiles\\utils.py": {"executed_lines": [1, 2, 4, 5, 8, 16, 42], "summary": {"covered_lines": 7, "num_statements": 35, "percent_covered": 20.0, "missing_lines": 28, "excluded_lines": 0}, "missing_lines": [13, 21, 22, 23, 24, 26, 27, 28, 29, 31, 32, 33, 34, 35, 36, 37, 38, 39, 46, 47, 48, 49, 52, 53, 55, 57, 60, 62], "excluded_lines": []}, "C:\\Users\\hp\\PycharmProjects\\python_django_restframework\\venv\\Lib\\site-packages\\django\\core\\__init__.py": {"executed_lines": [1], "summary": {"covered_lines": 0, "num_statements": 0, "percent_covered": 100.0, "missing_lines": 0, "excluded_lines": 0}, "missing_lines": [], "excluded_lines": []}, "C:\\Users\\hp\\PycharmProjects\\python_django_restframework\\venv\\Lib\\site-packages\\django\\core\\cache\\__init__.py": {"executed_lines": [1, 15, 16, 19, 20, 22, 27, 30, 31, 32, 34, 35, 36, 37, 38, 39, 44, 47, 49, 52, 59], "summary": {"covered_lines": 20, "num_statements": 24, "percent_covered": 83.33333333333333, "missing_lines": 4, "excluded_lines": 0}, "missing_lines": [40, 41, 55, 56], "excluded_lines": []}, "C:\\Users\\hp\\PycharmProjects\\python_django_restframework\\venv\\Lib\\site-packages\\django\\core\\cache\\backends\\__init__.py": {"executed_lines": [1], "summary": {"covered_lines": 0, "num_statements": 0, "percent_covered": 100.0, "missing_lines": 0, "excluded_lines": 0}, "missing_lines": [], "excluded_lines": []}, "C:\\Users\\hp\\PycharmProjects\\python_django_restframework\\venv\\Lib\\site-packages\\django\\core\\cache\\backends\\base.py": {"executed_lines": [1, 2, 3, 5, 6, 9, 10, 13, 14, 17, 18, 23, 26, 29, 40, 46, 51, 54, 55, 57, 58, 59, 60, 61, 64, 66, 67, 68, 69, 73, 74, 75, 79, 80, 81, 83, 95, 108, 118, 125, 132, 139, 146, 161, 180, 186, 198, 205, 214, 230, 239, 243, 252, 268, 275, 280], "summary": {"covered_lines": 55, "num_statements": 124, "percent_covered": 44.354838709677416, "missing_lines": 69, "excluded_lines": 0}, "missing_lines": [37, 47, 48, 50, 62, 63, 70, 71, 76, 77, 88, 89, 90, 92, 93, 103, 104, 106, 116, 123, 130, 137, 144, 154, 155, 156, 157, 158, 159, 170, 171, 172, 173, 174, 177, 178, 184, 191, 192, 193, 194, 195, 196, 203, 212, 226, 227, 228, 236, 237, 241, 249, 250, 257, 258, 260, 261, 262, 264, 265, 266, 273, 277, 281, 282, 286, 287, 288, 292], "excluded_lines": []}, "C:\\Users\\hp\\PycharmProjects\\python_django_restframework\\venv\\Lib\\site-packages\\django\\core\\cache\\backends\\filebased.py": {"executed_lines": [1, 2, 3, 4, 5, 6, 7, 8, 9, 11, 12, 13, 16, 17, 18, 20, 25, 31, 41, 46, 61, 78, 81, 91, 98, 116, 125, 135, 142, 156], "summary": {"covered_lines": 29, "num_statements": 113, "percent_covered": 25.663716814159294, "missing_lines": 84, "excluded_lines": 0}, "missing_lines": [21, 22, 23, 26, 27, 28, 29, 32, 33, 34, 35, 36, 37, 38, 39, 42, 43, 44, 47, 48, 49, 50, 51, 52, 53, 54, 55, 56, 58, 59, 62, 63, 64, 65, 66, 67, 69, 70, 71, 72, 74, 75, 76, 79, 82, 83, 84, 85, 86, 88, 89, 92, 93, 94, 95, 96, 104, 105, 106, 107, 108, 109, 111, 113, 114, 119, 120, 121, 123, 130, 131, 132, 139, 140, 146, 147, 148, 149, 150, 151, 152, 153, 154, 161], "excluded_lines": []}, "C:\\Users\\hp\\PycharmProjects\\python_django_restframework\\venv\\Lib\\site-packages\\django\\core\\cache\\backends\\locmem.py": {"executed_lines": [1, 2, 3, 4, 5, 7, 11, 12, 13, 16, 17, 19, 20, 21, 22, 23, 25, 35, 46, 53, 60, 69, 84, 93, 97, 107, 115, 121], "summary": {"covered_lines": 27, "num_statements": 103, "percent_covered": 26.21359223300971, "missing_lines": 76, "excluded_lines": 0}, "missing_lines": [26, 27, 28, 29, 30, 31, 32, 33, 36, 37, 38, 39, 40, 41, 42, 43, 44, 47, 48, 49, 50, 51, 54, 55, 56, 57, 58, 61, 62, 63, 64, 65, 66, 67, 70, 71, 72, 73, 74, 75, 76, 77, 78, 79, 80, 81, 82, 85, 86, 87, 88, 89, 90, 91, 94, 95, 98, 99, 100, 102, 103, 104, 105, 108, 109, 110, 111, 112, 113, 116, 117, 118, 119, 122, 123, 124], "excluded_lines": []}, "C:\\Users\\hp\\PycharmProjects\\python_django_restframework\\venv\\Lib\\site-packages\\django\\core\\cache\\utils.py": {"executed_lines": [1, 3, 6], "summary": {"covered_lines": 3, "num_statements": 9, "percent_covered": 33.333333333333336, "missing_lines": 6, "excluded_lines": 0}, "missing_lines": [7, 8, 9, 10, 11, 12], "excluded_lines": []}, "C:\\Users\\hp\\PycharmProjects\\python_django_restframework\\venv\\Lib\\site-packages\\django\\core\\checks\\__init__.py": {"executed_lines": [1, 5, 8, 9, 10, 11, 12, 13, 14, 15, 16, 17, 20], "summary": {"covered_lines": 13, "num_statements": 13, "percent_covered": 100.0, "missing_lines": 0, "excluded_lines": 0}, "missing_lines": [], "excluded_lines": []}, "C:\\Users\\hp\\PycharmProjects\\python_django_restframework\\venv\\Lib\\site-packages\\django\\core\\checks\\async_checks.py": {"executed_lines": [1, 3, 5, 12, 13], "summary": {"covered_lines": 5, "num_statements": 8, "percent_covered": 62.5, "missing_lines": 3, "excluded_lines": 0}, "missing_lines": [14, 15, 16], "excluded_lines": []}, "C:\\Users\\hp\\PycharmProjects\\python_django_restframework\\venv\\Lib\\site-packages\\django\\core\\checks\\caches.py": {"executed_lines": [1, 3, 4, 5, 7, 9, 15, 16, 17, 19, 22, 23, 58, 59, 60, 61, 62, 63, 64, 71], "summary": {"covered_lines": 20, "num_statements": 45, "percent_covered": 44.44444444444444, "missing_lines": 25, "excluded_lines": 0}, "missing_lines": [18, 24, 25, 26, 27, 28, 29, 30, 35, 36, 37, 38, 39, 40, 41, 42, 43, 44, 45, 46, 48, 49, 55, 65, 66], "excluded_lines": []}, "C:\\Users\\hp\\PycharmProjects\\python_django_restframework\\venv\\Lib\\site-packages\\django\\core\\checks\\database.py": {"executed_lines": [1, 3, 6, 7, 8, 10, 11, 14], "summary": {"covered_lines": 8, "num_statements": 11, "percent_covered": 72.72727272727273, "missing_lines": 3, "excluded_lines": 0}, "missing_lines": [9, 12, 13], "excluded_lines": []}, "C:\\Users\\hp\\PycharmProjects\\python_django_restframework\\venv\\Lib\\site-packages\\django\\core\\checks\\messages.py": {"executed_lines": [2, 3, 4, 5, 6, 9, 11, 12, 13, 14, 15, 16, 17, 19, 26, 41, 45, 48, 53, 54, 58, 59, 63, 64, 65, 68, 69, 70, 73, 74], "summary": {"covered_lines": 30, "num_statements": 47, "percent_covered": 63.829787234042556, "missing_lines": 17, "excluded_lines": 0}, "missing_lines": [20, 27, 29, 30, 31, 34, 36, 37, 38, 39, 42, 46, 49, 50, 55, 60, 75], "excluded_lines": []}, "C:\\Users\\hp\\PycharmProjects\\python_django_restframework\\venv\\Lib\\site-packages\\django\\core\\checks\\model_checks.py": {"executed_lines": [1, 2, 3, 4, 6, 7, 8, 11, 12, 13, 14, 15, 16, 17, 18, 21, 22, 23, 24, 34, 35, 37, 39, 46, 47, 48, 49, 60, 73, 86, 89, 100, 103, 104, 208, 209, 210], "summary": {"covered_lines": 37, "num_statements": 92, "percent_covered": 40.21739130434783, "missing_lines": 55, "excluded_lines": 0}, "missing_lines": [20, 25, 36, 38, 40, 41, 50, 51, 61, 62, 63, 74, 75, 76, 106, 107, 112, 122, 123, 124, 125, 126, 127, 129, 130, 131, 132, 133, 134, 135, 143, 144, 148, 153, 155, 156, 160, 163, 164, 165, 166, 168, 169, 170, 176, 178, 179, 180, 185, 190, 196, 197, 198, 199, 201], "excluded_lines": []}, "C:\\Users\\hp\\PycharmProjects\\python_django_restframework\\venv\\Lib\\site-packages\\django\\core\\checks\\registry.py": {"executed_lines": [1, 3, 4, 7, 8, 11, 12, 13, 14, 15, 16, 17, 18, 19, 20, 21, 22, 23, 26, 28, 29, 30, 32, 48, 49, 53, 54, 55, 56, 58, 59, 61, 62, 63, 65, 69, 70, 72, 75, 76, 77, 80, 81, 83, 86, 91, 92, 93, 95, 98, 99, 100, 101], "summary": {"covered_lines": 52, "num_statements": 57, "percent_covered": 91.2280701754386, "missing_lines": 5, "excluded_lines": 0}, "missing_lines": [50, 73, 84, 87, 94], "excluded_lines": []}, "C:\\Users\\hp\\PycharmProjects\\python_django_restframework\\venv\\Lib\\site-packages\\django\\core\\checks\\security\\__init__.py": {"executed_lines": [1], "summary": {"covered_lines": 0, "num_statements": 0, "percent_covered": 100.0, "missing_lines": 0, "excluded_lines": 0}, "missing_lines": [], "excluded_lines": []}, "C:\\Users\\hp\\PycharmProjects\\python_django_restframework\\venv\\Lib\\site-packages\\django\\core\\checks\\security\\base.py": {"executed_lines": [1, 2, 4, 6, 12, 13, 14, 16, 25, 35, 44, 53, 62, 71, 84, 89, 98, 103, 109, 116, 122, 128, 132, 136, 137, 142, 143, 148, 149, 154, 155, 164, 165, 174, 175, 183, 184, 192, 193, 207, 208, 213, 214, 222, 223, 227, 228, 243, 244, 245, 247], "summary": {"covered_lines": 51, "num_statements": 88, "percent_covered": 57.95454545454545, "missing_lines": 37, "excluded_lines": 0}, "missing_lines": [129, 133, 138, 139, 144, 145, 150, 151, 156, 161, 166, 171, 176, 180, 185, 189, 194, 195, 196, 197, 199, 204, 209, 210, 215, 219, 224, 229, 230, 231, 233, 234, 236, 237, 238, 239, 246], "excluded_lines": []}, "C:\\Users\\hp\\PycharmProjects\\python_django_restframework\\venv\\Lib\\site-packages\\django\\core\\checks\\security\\csrf.py": {"executed_lines": [1, 3, 5, 7, 16, 25, 29, 30, 35, 36, 45, 46, 47, 49, 50, 51, 59, 60, 67], "summary": {"covered_lines": 19, "num_statements": 30, "percent_covered": 63.333333333333336, "missing_lines": 11, "excluded_lines": 0}, "missing_lines": [26, 31, 32, 37, 42, 52, 53, 57, 61, 62, 66], "excluded_lines": []}, "C:\\Users\\hp\\PycharmProjects\\python_django_restframework\\venv\\Lib\\site-packages\\django\\core\\checks\\security\\sessions.py": {"executed_lines": [1, 3, 6, 7, 13, 21, 30, 36, 37, 43, 51, 60, 66, 67, 79, 80, 92, 96], "summary": {"covered_lines": 18, "num_statements": 38, "percent_covered": 47.36842105263158, "missing_lines": 20, "excluded_lines": 0}, "missing_lines": [68, 69, 70, 71, 72, 73, 74, 75, 76, 81, 82, 83, 84, 85, 86, 87, 88, 89, 93, 97], "excluded_lines": []}, "C:\\Users\\hp\\PycharmProjects\\python_django_restframework\\venv\\Lib\\site-packages\\django\\core\\checks\\templates.py": {"executed_lines": [1, 3, 5, 7, 12, 18, 19, 20, 26, 27, 28, 29, 30, 31, 35], "summary": {"covered_lines": 15, "num_statements": 18, "percent_covered": 83.33333333333333, "missing_lines": 3, "excluded_lines": 0}, "missing_lines": [32, 33, 34], "excluded_lines": []}, "C:\\Users\\hp\\PycharmProjects\\python_django_restframework\\venv\\Lib\\site-packages\\django\\core\\checks\\translation.py": {"executed_lines": [1, 2, 3, 5, 7, 12, 17, 22, 29, 30, 32, 33, 35, 38, 39, 41, 47, 48, 50, 56, 57, 59, 60, 64], "summary": {"covered_lines": 24, "num_statements": 27, "percent_covered": 88.88888888888889, "missing_lines": 3, "excluded_lines": 0}, "missing_lines": [34, 61, 62], "excluded_lines": []}, "C:\\Users\\hp\\PycharmProjects\\python_django_restframework\\venv\\Lib\\site-packages\\django\\core\\checks\\urls.py": {"executed_lines": [1, 3, 5, 8, 9, 10, 11, 12, 13, 17, 21, 22, 23, 30, 31, 35, 38, 39, 40, 41, 42, 43, 44, 50, 53, 57, 58, 62, 63, 64, 65, 66, 67, 68, 71, 96, 97, 98, 99, 100, 101, 103, 106], "summary": {"covered_lines": 43, "num_statements": 57, "percent_covered": 75.43859649122807, "missing_lines": 14, "excluded_lines": 0}, "missing_lines": [14, 24, 25, 27, 36, 45, 78, 79, 83, 84, 86, 88, 102, 107], "excluded_lines": []}, "C:\\Users\\hp\\PycharmProjects\\python_django_restframework\\venv\\Lib\\site-packages\\django\\core\\exceptions.py": {"executed_lines": [1, 4, 6, 9, 10, 11, 14, 15, 16, 19, 20, 21, 24, 25, 26, 29, 30, 33, 34, 35, 38, 39, 40, 43, 44, 45, 48, 49, 50, 53, 54, 58, 61, 62, 66, 69, 70, 71, 74, 75, 76, 79, 80, 81, 84, 85, 86, 89, 90, 91, 94, 95, 96, 99, 100, 101, 104, 107, 108, 109, 152, 153, 160, 161, 166, 174, 185, 190, 193, 198, 210, 211, 212, 215, 216, 217], "summary": {"covered_lines": 54, "num_statements": 109, "percent_covered": 49.54128440366973, "missing_lines": 55, "excluded_lines": 0}, "missing_lines": [118, 120, 121, 122, 123, 124, 126, 128, 129, 130, 131, 132, 133, 135, 136, 137, 139, 140, 141, 142, 144, 147, 148, 149, 150, 156, 158, 162, 163, 164, 167, 168, 169, 171, 172, 175, 176, 177, 179, 180, 181, 182, 183, 186, 187, 188, 191, 194, 195, 196, 199, 200, 205, 206, 207], "excluded_lines": []}, "C:\\Users\\hp\\PycharmProjects\\python_django_restframework\\venv\\Lib\\site-packages\\django\\core\\files\\__init__.py": {"executed_lines": [1, 3], "summary": {"covered_lines": 2, "num_statements": 2, "percent_covered": 100.0, "missing_lines": 0, "excluded_lines": 0}, "missing_lines": [], "excluded_lines": []}, "C:\\Users\\hp\\PycharmProjects\\python_django_restframework\\venv\\Lib\\site-packages\\django\\core\\files\\base.py": {"executed_lines": [1, 2, 4, 5, 8, 9, 11, 19, 22, 25, 28, 31, 32, 48, 65, 75, 102, 105, 108, 117, 121, 122, 125, 130, 133, 136, 140, 143, 148, 153, 158], "summary": {"covered_lines": 30, "num_statements": 99, "percent_covered": 30.303030303030305, "missing_lines": 69, "excluded_lines": 0}, "missing_lines": [12, 13, 14, 15, 16, 17, 20, 23, 26, 29, 33, 34, 35, 36, 37, 38, 39, 40, 41, 42, 43, 44, 45, 46, 53, 54, 55, 56, 57, 60, 61, 62, 63, 73, 77, 78, 79, 80, 81, 83, 89, 91, 94, 95, 97, 99, 100, 103, 106, 109, 110, 111, 112, 114, 115, 118, 126, 127, 128, 131, 134, 137, 138, 141, 144, 145, 150, 155, 160], "excluded_lines": []}, "C:\\Users\\hp\\PycharmProjects\\python_django_restframework\\venv\\Lib\\site-packages\\django\\core\\files\\images.py": {"executed_lines": [1, 6, 7, 9, 12, 13, 17, 18, 21, 22, 25, 33], "summary": {"covered_lines": 10, "num_statements": 47, "percent_covered": 21.27659574468085, "missing_lines": 37, "excluded_lines": 0}, "missing_lines": [19, 23, 26, 27, 28, 29, 30, 39, 41, 42, 43, 44, 45, 47, 48, 49, 53, 55, 56, 57, 58, 59, 60, 63, 64, 66, 67, 71, 72, 75, 76, 77, 78, 79, 81, 82, 84], "excluded_lines": []}, "C:\\Users\\hp\\PycharmProjects\\python_django_restframework\\venv\\Lib\\site-packages\\django\\core\\files\\locks.py": {"executed_lines": [1, 19, 21, 24, 29, 30, 31, 35, 37, 38, 39, 43, 46, 47, 50, 51, 55, 56, 57, 61, 62, 63, 69, 72, 73, 74, 75, 76, 77, 79, 85], "summary": {"covered_lines": 30, "num_statements": 60, "percent_covered": 50.0, "missing_lines": 30, "excluded_lines": 0}, "missing_lines": [26, 44, 80, 81, 82, 83, 86, 87, 88, 89, 91, 92, 93, 94, 95, 96, 98, 101, 103, 105, 107, 109, 110, 111, 112, 113, 114, 116, 117, 118], "excluded_lines": []}, "C:\\Users\\hp\\PycharmProjects\\python_django_restframework\\venv\\Lib\\site-packages\\django\\core\\files\\move.py": {"executed_lines": [1, 8, 9, 10, 12, 14, 17, 30], "summary": {"covered_lines": 7, "num_statements": 42, "percent_covered": 16.666666666666668, "missing_lines": 35, "excluded_lines": 0}, "missing_lines": [19, 20, 21, 22, 23, 26, 41, 42, 44, 45, 46, 48, 49, 50, 53, 56, 58, 60, 61, 62, 63, 64, 65, 67, 68, 70, 71, 72, 76, 77, 79, 80, 81, 86, 87], "excluded_lines": []}, "C:\\Users\\hp\\PycharmProjects\\python_django_restframework\\venv\\Lib\\site-packages\\django\\core\\files\\storage.py": {"executed_lines": [1, 2, 3, 5, 6, 7, 8, 9, 10, 11, 12, 13, 14, 15, 16, 17, 19, 25, 26, 34, 38, 56, 63, 71, 101, 110, 121, 127, 134, 141, 147, 154, 161, 168, 176, 177, 178, 183, 185, 187, 188, 189, 190, 191, 193, 205, 206, 208, 209, 210, 212, 213, 214, 216, 217, 222, 223, 226, 227, 230, 233, 296, 310, 313, 323, 326, 329, 337, 348, 351, 354, 358, 362, 363, 367], "summary": {"covered_lines": 73, "num_statements": 187, "percent_covered": 39.037433155080215, "missing_lines": 114, "excluded_lines": 0}, "missing_lines": [36, 45, 46, 48, 49, 51, 52, 61, 69, 76, 77, 82, 84, 85, 86, 88, 89, 90, 92, 93, 98, 99, 107, 108, 116, 125, 132, 139, 145, 152, 159, 166, 173, 195, 196, 197, 198, 199, 200, 201, 202, 203, 218, 219, 220, 224, 228, 231, 234, 237, 238, 239, 242, 243, 244, 246, 248, 249, 250, 259, 261, 262, 267, 268, 269, 270, 271, 272, 273, 274, 275, 277, 278, 279, 281, 282, 284, 285, 288, 290, 291, 294, 297, 298, 300, 301, 302, 304, 305, 308, 311, 314, 315, 316, 317, 318, 320, 321, 324, 327, 330, 331, 332, 333, 334, 335, 342, 344, 346, 349, 352, 355, 359, 364], "excluded_lines": []}, "C:\\Users\\hp\\PycharmProjects\\python_django_restframework\\venv\\Lib\\site-packages\\django\\core\\files\\temp.py": {"executed_lines": [1, 19, 20, 22, 24, 27, 28, 29, 37, 46, 48, 60, 63, 67, 70, 74], "summary": {"covered_lines": 14, "num_statements": 33, "percent_covered": 42.42424242424242, "missing_lines": 19, "excluded_lines": 0}, "missing_lines": [38, 39, 40, 41, 49, 50, 51, 52, 53, 54, 55, 56, 57, 58, 61, 64, 65, 68, 72], "excluded_lines": []}, "C:\\Users\\hp\\PycharmProjects\\python_django_restframework\\venv\\Lib\\site-packages\\django\\core\\files\\uploadedfile.py": {"executed_lines": [1, 5, 6, 8, 9, 10, 12, 16, 17, 25, 32, 35, 38, 52, 55, 56, 59, 64, 68, 78, 79, 82, 86, 90, 94, 99, 100, 103, 107, 108], "summary": {"covered_lines": 25, "num_statements": 57, "percent_covered": 43.85964912280702, "missing_lines": 32, "excluded_lines": 0}, "missing_lines": [26, 27, 28, 29, 30, 33, 36, 40, 42, 45, 46, 47, 48, 50, 60, 61, 62, 66, 6
[...]
"excluded_lines": 0}, "missing_lines": [7, 8, 33, 34, 35, 38, 39, 40, 47, 48, 49, 50, 55, 56, 63, 73, 84, 85, 86, 94, 102, 110, 114, 115, 116, 141, 142, 143, 144, 145, 148, 153, 180, 181, 182, 184, 185, 186, 188, 189, 190, 191, 195, 197, 198, 199, 200, 201, 248, 249, 252, 253, 254, 256, 317, 318, 321, 322, 323, 324, 326, 327, 328, 329, 330, 332, 333, 338, 340, 341, 346, 347, 353, 362, 363, 367, 372, 373, 375, 376, 388, 389, 390, 392, 393, 394, 419, 420, 421, 422, 423, 425, 458, 459, 460, 461, 462, 464, 496, 497, 498, 499, 500, 502, 505, 506, 508, 509, 510, 514, 521, 539, 542, 543, 549, 550, 551, 552, 553, 559, 564, 565, 567, 575, 576, 577], "excluded_lines": []}, "C:\\Users\\hp\\PycharmProjects\\python_django_restframework\\venv\\Lib\\site-packages\\setuptools-40.8.0-py3.8.egg\\pkg_resources\\_vendor\\six.py": {"executed_lines": [185, 187], "summary": {"covered_lines": 2, "num_statements": 444, "percent_covered": 0.45045045045045046, "missing_lines": 442, "excluded_lines": 0}, "missing_lines": [23, 25, 26, 27, 28, 29, 31, 32, 36, 37, 38, 40, 41, 42, 43, 44, 45, 47, 49, 50, 51, 52, 53, 55, 57, 60, 62, 63, 64, 65, 66, 68, 71, 72, 75, 77, 80, 82, 83, 86, 88, 89, 91, 92, 93, 94, 97, 98, 99, 100, 103, 105, 106, 107, 108, 109, 110, 112, 114, 115, 117, 118, 119, 120, 121, 124, 126, 127, 128, 130, 131, 132, 133, 136, 139, 141, 142, 143, 144, 145, 146, 147, 148, 149, 151, 152, 154, 155, 156, 157, 159, 160, 161, 164, 173, 174, 175, 177, 178, 179, 181, 182, 184, 186, 189, 190, 191, 192, 193, 195, 196, 198, 199, 200, 201, 202, 203, 205, 206, 207, 209, 216, 218, 222, 223, 224, 226, 229, 232, 235, 303, 304, 308, 309, 310, 311, 312, 314, 316, 317, 320, 325, 350, 351, 352, 354, 356, 360, 365, 370, 371, 372, 374, 376, 380, 385, 420, 421, 422, 424, 426, 430, 435, 441, 442, 443, 445, 447, 451, 456, 459, 460, 461, 463, 465, 469, 472, 473, 474, 475, 476, 477, 479, 480, 482, 486, 488, 491, 493, 494, 495, 496, 497, 498, 499, 502, 503, 504, 506, 507, 508, 509, 511, 512, 514, 515, 516, 517, 520, 521, 522, 523, 524, 525, 528, 529, 530, 531, 532, 535, 536, 537, 539, 541, 542, 544, 546, 547, 549, 550, 552, 553, 555, 557, 558, 560, 561, 565, 566, 567, 568, 569, 570, 573, 574, 575, 577, 578, 580, 581, 583, 584, 586, 588, 590, 592, 593, 595, 596, 598, 599, 601, 602, 604, 606, 608, 610, 611, 612, 614, 618, 619, 620, 622, 623, 624, 625, 626, 627, 628, 629, 630, 631, 632, 633, 634, 635, 636, 637, 639, 640, 642, 643, 646, 647, 648, 649, 651, 652, 654, 655, 656, 657, 658, 659, 660, 661, 662, 663, 666, 667, 670, 671, 674, 675, 678, 679, 681, 682, 683, 684, 685, 686, 689, 691, 692, 693, 694, 695, 696, 697, 698, 699, 701, 706, 707, 712, 713, 717, 718, 721, 722, 723, 725, 726, 727, 729, 730, 731, 733, 736, 737, 738, 739, 740, 741, 742, 743, 744, 745, 746, 747, 748, 749, 750, 751, 752, 753, 754, 755, 756, 757, 758, 759, 760, 761, 762, 763, 765, 766, 767, 768, 769, 770, 771, 772, 773, 774, 775, 776, 777, 779, 780, 781, 782, 783, 784, 786, 788, 789, 791, 792, 793, 794, 795, 797, 800, 805, 807, 808, 809, 812, 814, 815, 816, 817, 818, 819, 820, 821, 822, 823, 824, 825, 828, 836, 837, 838, 841, 842, 843, 849, 850, 851, 852, 856, 857, 862, 864, 865, 866, 868], "excluded_lines": []}, "C:\\Users\\hp\\PycharmProjects\\python_django_restframework\\venv\\Lib\\site-packages\\setuptools-40.8.0-py3.8.egg\\pkg_resources\\extern\\__init__.py": {"executed_lines": [28, 29, 30], "summary": {"covered_lines": 3, "num_statements": 36, "percent_covered": 8.333333333333334, "missing_lines": 33, "excluded_lines": 0}, "missing_lines": [1, 4, 10, 11, 12, 13, 15, 16, 20, 21, 23, 31, 32, 33, 35, 39, 40, 41, 42, 43, 44, 45, 51, 52, 53, 54, 55, 57, 64, 68, 69, 72, 73], "excluded_lines": []}, "C:\\Users\\hp\\PycharmProjects\\python_django_restframework\\venv\\Lib\\site-packages\\sqlparse\\__init__.py": {"executed_lines": [8, 11, 12, 13, 14, 15, 16, 19, 20, 23, 33, 45, 62], "summary": {"covered_lines": 13, "num_statements": 24, "percent_covered": 54.166666666666664, "missing_lines": 11, "excluded_lines": 0}, "missing_lines": [30, 40, 41, 42, 55, 56, 57, 58, 59, 69, 70], "excluded_lines": []}, "C:\\Users\\hp\\PycharmProjects\\python_django_restframework\\venv\\Lib\\site-packages\\sqlparse\\cli.py": {"executed_lines": [9, 22, 23, 24, 26, 27, 32, 151, 157], "summary": {"covered_lines": 9, "num_statements": 62, "percent_covered": 14.516129032258064, "missing_lines": 53, "excluded_lines": 0}, "missing_lines": [33, 35, 42, 44, 50, 55, 57, 65, 73, 81, 88, 95, 102, 109, 116, 122, 128, 135, 142, 148, 153, 154, 158, 159, 161, 162, 163, 164, 166, 168, 169, 170, 171, 172, 175, 176, 177, 178, 179, 180, 181, 183, 185, 186, 187, 188, 189, 191, 192, 193, 194, 195, 196], "excluded_lines": []}, "C:\\Users\\hp\\PycharmProjects\\python_django_restframework\\venv\\Lib\\site-packages\\sqlparse\\engine\\__init__.py": {"executed_lines": [8, 9, 10, 12], "summary": {"covered_lines": 4, "num_statements": 4, "percent_covered": 100.0, "missing_lines": 0, "excluded_lines": 0}, "missing_lines": [], "excluded_lines": []}, "C:\\Users\\hp\\PycharmProjects\\python_django_restframework\\venv\\Lib\\site-packages\\sqlparse\\engine\\filter_stack.py": {"executed_lines": [8, 10, 11, 12, 15, 16, 22, 25], "summary": {"covered_lines": 8, "num_statements": 25, "percent_covered": 32.0, "missing_lines": 17, "excluded_lines": 0}, "missing_lines": [17, 18, 19, 20, 23, 26, 28, 29, 31, 34, 35, 36, 38, 39, 41, 42, 44], "excluded_lines": []}, "C:\\Users\\hp\\PycharmProjects\\python_django_restframework\\venv\\Lib\\site-packages\\sqlparse\\engine\\grouping.py": {"executed_lines": [8, 9, 10, 12, 13, 14, 17, 52, 56, 60, 64, 68, 72, 76, 90, 103, 133, 158, 175, 192, 216, 217, 226, 246, 269, 290, 291, 303, 304, 320, 321, 333, 334, 353, 364, 365, 375, 387, 422], "summary": {"covered_lines": 39, "num_statements": 264, "percent_covered": 14.772727272727273, "missing_lines": 225, "excluded_lines": 0}, "missing_lines": [19, 20, 21, 22, 24, 28, 30, 34, 35, 37, 38, 40, 41, 42, 43, 46, 47, 48, 49, 53, 57, 61, 65, 69, 73, 77, 78, 80, 81, 83, 84, 86, 87, 91, 92, 94, 95, 97, 98, 100, 109, 110, 112, 113, 115, 116, 118, 119, 121, 122, 124, 125, 127, 129, 134, 135, 137, 138, 139, 140, 142, 144, 146, 148, 149, 150, 151, 153, 155, 159, 160, 162, 163, 165, 166, 167, 169, 170, 172, 176, 177, 179, 180, 182, 183, 184, 185, 186, 188, 189, 193, 195, 197, 198, 200, 201, 202, 203, 204, 206, 208, 209, 211, 212, 218, 220, 221, 222, 223, 227, 228, 230, 231, 233, 234, 236, 237, 239, 240, 242, 247, 248, 251, 252, 254, 255, 260, 261, 262, 264, 265, 270, 271, 273, 276, 277, 279, 280, 282, 283, 285, 286, 292, 293, 294, 296, 297, 298, 300, 305, 306, 307, 309, 310, 312, 315, 316, 317, 322, 325, 326, 327, 328, 329, 330, 335, 336, 337, 338, 339, 340, 341, 342, 343, 345, 346, 347, 348, 349, 350, 355, 356, 357, 358, 359, 360, 361, 366, 367, 368, 369, 370, 371, 372, 376, 377, 378, 379, 380, 381, 382, 383, 384, 388, 418, 419, 431, 432, 433, 434, 435, 436, 438, 439, 441, 442, 444, 445, 446, 447, 448, 450, 451, 452, 454], "excluded_lines": []}, "C:\\Users\\hp\\PycharmProjects\\python_django_restframework\\venv\\Lib\\site-packages\\sqlparse\\engine\\statement_splitter.py": {"executed_lines": [8, 11, 12, 14, 17, 27, 79], "summary": {"covered_lines": 6, "num_statements": 50, "percent_covered": 12.0, "missing_lines": 44, "excluded_lines": 0}, "missing_lines": [15, 19, 20, 21, 23, 24, 25, 31, 32, 33, 34, 35, 36, 41, 45, 46, 47, 50, 51, 52, 54, 55, 56, 58, 59, 65, 66, 67, 69, 71, 73, 74, 77, 81, 84, 89, 90, 93, 96, 99, 102, 103, 106, 107], "excluded_lines": []}, "C:\\Users\\hp\\PycharmProjects\\python_django_restframework\\venv\\Lib\\site-packages\\sqlparse\\exceptions.py": {"executed_lines": [8, 11, 12], "summary": {"covered_lines": 2, "num_statements": 2, "percent_covered": 100.0, "missing_lines": 0, "excluded_lines": 0}, "missing_lines": [], "excluded_lines": []}, "C:\\Users\\hp\\PycharmProjects\\python_django_restframework\\venv\\Lib\\site-packages\\sqlparse\\filters\\__init__.py": {"executed_lines": [8, 9, 10, 11, 13, 14, 16, 17, 18, 20, 21, 22, 24], "summary": {"covered_lines": 13, "num_statements": 13, "percent_covered": 100.0, "missing_lines": 0, "excluded_lines": 0}, "missing_lines": [], "excluded_lines": []}, "C:\\Users\\hp\\PycharmProjects\\python_django_restframework\\venv\\Lib\\site-packages\\sqlparse\\filters\\aligned_indent.py": {"executed_lines": [8, 9, 12, 13, 16, 17, 24, 31, 40, 48, 60, 67, 89, 99, 115, 128, 133], "summary": {"covered_lines": 17, "num_statements": 78, "percent_covered": 21.794871794871796, "missing_lines": 61, "excluded_lines": 0}, "missing_lines": [25, 26, 27, 28, 29, 33, 35, 37, 41, 43, 46, 50, 51, 52, 53, 55, 58, 62, 63, 64, 65, 68, 69, 71, 72, 74, 76, 78, 80, 82, 83, 84, 85, 87, 90, 91, 93, 94, 95, 96, 97, 100, 101, 104, 108, 110, 111, 112, 113, 116, 118, 119, 120, 122, 125, 126, 129, 130, 131, 134, 135], "excluded_lines": []}, "C:\\Users\\hp\\PycharmProjects\\python_django_restframework\\venv\\Lib\\site-packages\\sqlparse\\filters\\others.py": {"executed_lines": [8, 10, 11, 14, 16, 17, 50, 56, 57, 62, 63, 72, 86, 93, 101, 102, 103, 120, 129, 130, 131], "summary": {"covered_lines": 21, "num_statements": 83, "percent_covered": 25.301204819277107, "missing_lines": 62, "excluded_lines": 0}, "missing_lines": [18, 20, 22, 25, 26, 27, 29, 31, 32, 33, 34, 37, 42, 43, 44, 46, 48, 51, 52, 53, 58, 59, 60, 64, 65, 66, 67, 68, 69, 70, 74, 75, 76, 77, 78, 84, 87, 88, 89, 90, 91, 94, 95, 96, 97, 98, 105, 106, 107, 108, 109, 110, 112, 113, 114, 115, 118, 121, 122, 123, 132, 133], "excluded_lines": []}, "C:\\Users\\hp\\PycharmProjects\\python_django_restframework\\venv\\Lib\\site-packages\\sqlparse\\filters\\output.py": {"executed_lines": [8, 11, 12, 14, 18, 21, 33, 34, 77, 78, 80], "summary": {"covered_lines": 11, "num_statements": 73, "percent_covered": 15.068493150684931, "missing_lines": 62, "excluded_lines": 0}, "missing_lines": [15, 16, 19, 22, 23, 24, 26, 28, 29, 30, 36, 37, 38, 39, 40, 41, 42, 43, 44, 47, 49, 51, 52, 55, 56, 59, 60, 61, 62, 65, 66, 69, 72, 73, 74, 82, 83, 84, 85, 86, 87, 88, 89, 90, 93, 95, 97, 98, 101, 102, 103, 104, 105, 108, 109, 110, 111, 114, 115, 118, 121, 122], "excluded_lines": []}, "C:\\Users\\hp\\PycharmProjects\\python_django_restframework\\venv\\Lib\\site-packages\\sqlparse\\filters\\reindent.py": {"executed_lines": [8, 9, 12, 13, 28, 38, 39, 42, 48, 53, 68, 84, 98, 103, 112, 124, 128, 191, 210, 227, 233], "summary": {"covered_lines": 21, "num_statements": 173, "percent_covered": 12.138728323699421, "missing_lines": 152, "excluded_lines": 0}, "missing_lines": [16, 17, 18, 19, 20, 21, 22, 23, 24, 25, 26, 30, 31, 33, 34, 35, 36, 40, 43, 44, 46, 49, 54, 57, 58, 60, 61, 63, 64, 66, 69, 70, 71, 72, 74, 75, 76, 78, 79, 80, 82, 85, 86, 87, 88, 89, 90, 91, 93, 94, 95, 96, 99, 100, 101, 104, 105, 106, 108, 109, 110, 113, 114, 115, 116, 117, 119, 120, 121, 122, 125, 126, 129, 130, 131, 132, 134, 135, 137, 138, 139, 140, 142, 143, 144, 145, 146, 147, 149, 150, 151, 152, 153, 154, 156, 158, 160, 163, 164, 166, 167, 170, 171, 172, 175, 177, 178, 179, 180, 181, 183, 184, 186, 187, 188, 189, 192, 193, 194, 196, 197, 198, 199, 200, 204, 205, 206, 207, 208, 211, 212, 213, 214, 215, 217, 218, 219, 220, 221, 223, 225, 228, 229, 230, 231, 234, 235, 237, 238, 239, 241, 242], "excluded_lines": []}, "C:\\Users\\hp\\PycharmProjects\\python_django_restframework\\venv\\Lib\\site-packages\\sqlparse\\filters\\right_margin.py": {"executed_lines": [8, 10, 14, 15, 19, 23, 45], "summary": {"covered_lines": 7, "num_statements": 27, "percent_covered": 25.925925925925927, "missing_lines": 20, "excluded_lines": 0}, "missing_lines": [20, 21, 24, 25, 26, 27, 29, 30, 31, 33, 34, 35, 36, 37, 39, 40, 41, 42, 43, 48], "excluded_lines": []}, "C:\\Users\\hp\\PycharmProjects\\python_django_restframework\\venv\\Lib\\site-packages\\sqlparse\\filters\\tokens.py": {"executed_lines": [8, 11, 12, 14, 18, 25, 26, 29, 30, 32, 39, 40, 44], "summary": {"covered_lines": 13, "num_statements": 37, "percent_covered": 35.13513513513514, "missing_lines": 24, "excluded_lines": 0}, "missing_lines": [15, 16, 19, 20, 21, 22, 33, 34, 35, 36, 41, 42, 45, 46, 47, 48, 50, 51, 52, 54, 55, 57, 58, 59], "excluded_lines": []}, "C:\\Users\\hp\\PycharmProjects\\python_django_restframework\\venv\\Lib\\site-packages\\sqlparse\\formatter.py": {"executed_lines": [8, 10, 11, 14, 132], "summary": {"covered_lines": 5, "num_statements": 123, "percent_covered": 4.065040650406504, "missing_lines": 118, "excluded_lines": 0}, "missing_lines": [16, 17, 18, 21, 22, 23, 26, 27, 28, 31, 32, 33, 36, 37, 38, 41, 42, 43, 46, 47, 48, 49, 50, 51, 53, 54, 56, 57, 59, 60, 61, 63, 64, 65, 67, 68, 69, 71, 72, 74, 75, 76, 78, 79, 81, 82, 83, 85, 87, 88, 89, 91, 92, 94, 96, 97, 98, 99, 100, 101, 102, 103, 105, 106, 107, 108, 109, 110, 111, 112, 114, 115, 116, 117, 119, 120, 121, 122, 123, 124, 125, 126, 127, 129, 140, 141, 144, 145, 148, 149, 152, 153, 154, 157, 158, 159, 161, 162, 163, 165, 166, 167, 176, 177, 178, 181, 182, 183, 187, 188, 189, 190, 191, 192, 194, 195, 196, 198], "excluded_lines": []}, "C:\\Users\\hp\\PycharmProjects\\python_django_restframework\\venv\\Lib\\site-packages\\sqlparse\\keywords.py": {"executed_lines": [8, 10, 13, 22, 99, 100, 102, 680, 727, 835, 878], "summary": {"covered_lines": 11, "num_statements": 13, "percent_covered": 84.61538461538461, "missing_lines": 2, "excluded_lines": 0}, "missing_lines": [14, 15], "excluded_lines": []}, "C:\\Users\\hp\\PycharmProjects\\python_django_restframework\\venv\\Lib\\site-packages\\sqlparse\\lexer.py": {"executed_lines": [8, 15, 17, 18, 19, 22, 23, 27, 28, 76], "summary": {"covered_lines": 9, "num_statements": 35, "percent_covered": 25.714285714285715, "missing_lines": 26, "excluded_lines": 0}, "missing_lines": [41, 42, 44, 45, 46, 47, 48, 50, 51, 52, 53, 55, 58, 59, 60, 61, 63, 64, 65, 66, 67, 68, 70, 71, 73, 82], "excluded_lines": []}, "C:\\Users\\hp\\PycharmProjects\\python_django_restframework\\venv\\Lib\\site-packages\\sqlparse\\sql.py": {"executed_lines": [8, 10, 12, 13, 16, 17, 19, 25, 39, 40, 47, 50, 60, 67, 75, 78, 84, 88, 122, 135, 139, 149, 150, 156, 158, 164, 171, 174, 177, 180, 198, 207, 218, 223, 224, 227, 249, 264, 268, 273, 276, 286, 302, 307, 337, 344, 355, 359, 363, 372, 376, 385, 403, 404, 406, 442, 443, 448, 453, 459, 464, 473, 474, 476, 486, 487, 488, 489, 490, 493, 494, 495, 496, 498, 499, 503, 504, 505, 506, 508, 509, 513, 514, 517, 518, 519, 520, 523, 524, 525, 526, 529, 530, 532, 533, 536, 537, 541, 542, 544, 548, 549, 550, 551, 556, 557, 558, 559, 562, 563, 564, 565, 567, 615, 616, 618, 629, 630, 631, 632, 635, 636, 639, 640, 643, 644], "summary": {"covered_lines": 104, "num_statements": 334, "percent_covered": 31.137724550898202, "missing_lines": 230, "excluded_lines": 0}, "missing_lines": [22, 23, 29, 30, 31, 34, 35, 36, 51, 52, 53, 54, 55, 56, 57, 58, 61, 68, 69, 71, 72, 76, 79, 80, 81, 82, 86, 100, 101, 102, 104, 105, 107, 109, 110, 112, 113, 114, 115, 117, 118, 120, 128, 129, 130, 131, 132, 133, 137, 141, 142, 143, 144, 145, 146, 159, 160, 161, 162, 165, 172, 175, 178, 182, 183, 184, 185, 187, 188, 190, 191, 194, 195, 196, 200, 201, 202, 203, 204, 205, 212, 213, 214, 216, 219, 220, 221, 225, 229, 230, 232, 233, 235, 236, 237, 238, 239, 240, 241, 243, 244, 245, 246, 247, 259, 260, 262, 265, 266, 269, 270, 271, 274, 283, 293, 294, 295, 297, 298, 300, 304, 305, 310, 311, 313, 319, 320, 322, 323, 324, 325, 327, 328, 329, 330, 332, 333, 335, 339, 340, 341, 342, 346, 347, 348, 349, 350, 351, 353, 357, 361, 370, 374, 381, 382, 383, 389, 390, 391, 393, 394, 396, 397, 398, 399, 400, 416, 417, 420, 422, 423, 425, 429, 430, 431, 432, 434, 436, 439, 450, 451, 455, 456, 457, 461, 462, 467, 468, 470, 481, 482, 483, 500, 510, 534, 538, 545, 572, 573, 575, 576, 578, 580, 581, 583, 584, 586, 587, 588, 590, 591, 593, 594, 595, 597, 598, 601, 602, 605, 606, 608, 609, 612, 620, 621, 622, 623, 624, 625, 626], "excluded_lines": []}, "C:\\Users\\hp\\PycharmProjects\\python_django_restframework\\venv\\Lib\\site-packages\\sqlparse\\tokens.py": {"executed_lines": [12, 15, 16, 18, 21, 22, 23, 24, 25, 27, 32, 35, 36, 37, 38, 40, 43, 44, 45, 46, 47, 48, 49, 50, 51, 52, 53, 56, 57, 61, 62, 63, 66, 67, 68], "summary": {"covered_lines": 35, "num_statements": 37, "percent_covered": 94.5945945945946, "missing_lines": 2, "excluded_lines": 0}, "missing_lines": [19, 29], "excluded_lines": []}, "C:\\Users\\hp\\PycharmProjects\\python_django_restframework\\venv\\Lib\\site-packages\\sqlparse\\utils.py": {"executed_lines": [8, 9, 10, 11, 21, 33, 36, 54, 63, 69, 70, 76, 78, 81, 105, 110, 111, 117, 118], "summary": {"covered_lines": 19, "num_statements": 57, "percent_covered": 33.333333333333336, "missing_lines": 38, "excluded_lines": 0}, "missing_lines": [41, 42, 43, 44, 45, 46, 47, 48, 50, 51, 56, 57, 58, 59, 60, 71, 72, 73, 74, 89, 90, 91, 93, 94, 95, 96, 97, 98, 99, 100, 102, 107, 112, 113, 114, 119, 120, 121], "excluded_lines": []}, "Profile\\__init__.py": {"executed_lines": [1], "summary": {"covered_lines": 0, "num_statements": 0, "percent_covered": 100.0, "missing_lines": 0, "excluded_lines": 0}, "missing_lines": [], "excluded_lines": []}, "Profile\\admin.py": {"executed_lines": [1], "summary": {"covered_lines": 1, "num_statements": 1, "percent_covered": 100.0, "missing_lines": 0, "excluded_lines": 0}, "missing_lines": [], "excluded_lines": []}, "Profile\\apps.py": {"executed_lines": [1, 4, 5, 6], "summary": {"covered_lines": 4, "num_statements": 4, "percent_covered": 100.0, "missing_lines": 0, "excluded_lines": 0}, "missing_lines": [], "excluded_lines": []}, "Profile\\forms.py": {"executed_lines": [1, 2, 3, 6, 7, 8, 13], "summary": {"covered_lines": 7, "num_statements": 7, "percent_covered": 100.0, "missing_lines": 0, "excluded_lines": 0}, "missing_lines": [], "excluded_lines": []}, "Profile\\migrations\\__init__.py": {"executed_lines": [1], "summary": {"covered_lines": 0, "num_statements": 0, "percent_covered": 100.0, "missing_lines": 0, "excluded_lines": 0}, "missing_lines": [], "excluded_lines": []}, "Profile\\models.py": {"executed_lines": [1], "summary": {"covered_lines": 1, "num_statements": 1, "percent_covered": 100.0, "missing_lines": 0, "excluded_lines": 0}, "missing_lines": [], "excluded_lines": []}, "Profile\\tests.py": {"executed_lines": [1, 5, 6], "summary": {"covered_lines": 3, "num_statements": 5, "percent_covered": 60.0, "missing_lines": 2, "excluded_lines": 0}, "missing_lines": [7, 8], "excluded_lines": []}, "Profile\\urls.py": {"executed_lines": [1, 2, 3, 4, 7, 10], "summary": {"covered_lines": 6, "num_statements": 6, "percent_covered": 100.0, "missing_lines": 0, "excluded_lines": 0}, "missing_lines": [], "excluded_lines": []}, "Profile\\views.py": {"executed_lines": [1], "summary": {"covered_lines": 1, "num_statements": 1, "percent_covered": 100.0, "missing_lines": 0, "excluded_lines": 0}, "missing_lines": [], "excluded_lines": []}, "Project\\__init__.py": {"executed_lines": [1], "summary": {"covered_lines": 0, "num_statements": 0, "percent_covered": 100.0, "missing_lines": 0, "excluded_lines": 0}, "missing_lines": [], "excluded_lines": []}, "Project\\settings.py": {"executed_lines": [1, 13, 14, 17, 24, 27, 29, 34, 44, 54, 56, 58, 74, 80, 91, 110, 112, 114, 116, 118, 124, 129], "summary": {"covered_lines": 21, "num_statements": 21, "percent_covered": 100.0, "missing_lines": 0, "excluded_lines": 0}, "missing_lines": [], "excluded_lines": []}, "Project\\urls.py": {"executed_lines": [1, 16, 17, 19], "summary": {"covered_lines": 3, "num_statements": 3, "percent_covered": 100.0, "missing_lines": 0, "excluded_lines": 0}, "missing_lines": [], "excluded_lines": []}, "manage.py": {"executed_lines": [2, 3, 4, 7, 9, 10, 11, 18, 21, 22], "summary": {"covered_lines": 10, "num_statements": 12, "percent_covered": 83.33333333333333, "missing_lines": 2, "excluded_lines": 0}, "missing_lines": [12, 13], "excluded_lines": []}}, "totals": {"covered_lines": 15899, "num_statements": 46225, "percent_covered": 34.39480800432666, "missing_lines": 30326, "excluded_lines": 0}}